2016-11-11 16:27:40.672  INFO main WebTestContextBootstrapper:260 - Loaded default TestExecutionListener class names from location [META-INF/spring.factories]: [org.springframework.test.context.web.ServletTestExecutionListener, org.springframework.test.context.support.DirtiesContextBeforeModesTestExecutionListener, org.springframework.test.context.support.DependencyInjectionTestExecutionListener, org.springframework.test.context.support.DirtiesContextTestExecutionListener, org.springframework.test.context.transaction.TransactionalTestExecutionListener, org.springframework.test.context.jdbc.SqlScriptsTestExecutionListener] 
2016-11-11 16:27:40.717  INFO main WebTestContextBootstrapper:187 - Using TestExecutionListeners: [org.springframework.test.context.web.ServletTestExecutionListener@34a3d150, org.springframework.test.context.support.DirtiesContextBeforeModesTestExecutionListener@2a4fb17b, org.springframework.test.context.support.DependencyInjectionTestExecutionListener@5c6648b0, org.springframework.test.context.support.DirtiesContextTestExecutionListener@6f1de4c7, org.springframework.test.context.transaction.TransactionalTestExecutionListener@459e9125, org.springframework.test.context.jdbc.SqlScriptsTestExecutionListener@128d2484] 
2016-11-11 16:27:41.185  INFO main GenericWebApplicationContext:581 - Refreshing org.springframework.web.context.support.GenericWebApplicationContext@185a6e9: startup date [Fri Nov 11 16:27:41 CST 2016]; root of context hierarchy 
2016-11-11 16:27:42.073  INFO main XmlBeanDefinitionReader:317 - Loading XML bean definitions from class path resource [ctx-hag-all.xml] 
2016-11-11 16:27:42.509  INFO main XmlBeanDefinitionReader:317 - Loading XML bean definitions from class path resource [ctx-client-base.xml] 
2016-11-11 16:27:42.785  INFO main XmlBeanDefinitionReader:317 - Loading XML bean definitions from class path resource [ctx-client-remote.xml] 
2016-11-11 16:27:42.836  INFO main DefaultListableBeanFactory:843 - Overriding bean definition for bean 'requestMappingHandlerAdapter' with a different definition: replacing [Root bean: class [null]; scope=; abstract=false; lazyInit=false; autowireMode=3; dependencyCheck=0; autowireCandidate=true; primary=false; factoryBeanName=org.springframework.web.servlet.config.annotation.DelegatingWebMvcConfiguration; factoryMethodName=requestMappingHandlerAdapter; initMethodName=null; destroyMethodName=(inferred); defined in org.springframework.web.servlet.config.annotation.DelegatingWebMvcConfiguration] with [Root bean: class [null]; scope=; abstract=false; lazyInit=false; autowireMode=3; dependencyCheck=0; autowireCandidate=true; primary=false; factoryBeanName=mvcConfig; factoryMethodName=requestMappingHandlerAdapter; initMethodName=null; destroyMethodName=(inferred); defined in com.hongyan.learn.config.MvcConfig] 
2016-11-11 16:27:43.049  WARN main ConfigurationClassPostProcessor:386 - Cannot enhance @Configuration bean definition 'com.hongyan.learn.config.DatabaseConfig' since its singleton instance has been created too early. The typical cause is a non-static @Bean method with a BeanDefinitionRegistryPostProcessor return type: Consider declaring such methods as 'static'. 
2016-11-11 16:27:43.484  INFO main PropertyPlaceholderConfigurer:172 - Loading properties file from URL [file:/apps/conf/hag/redis.properties] 
2016-11-11 16:27:43.485  WARN main PropertyPlaceholderConfigurer:181 - Could not load properties from URL [file:/apps/conf/hag/redis.properties]: /apps/conf/hag/redis.properties (No such file or directory) 
2016-11-11 16:27:43.486  INFO main PropertyPlaceholderConfigurer:172 - Loading properties file from class path resource [redis.properties] 
2016-11-11 16:27:43.491  INFO main PropertyPlaceholderConfigurer:172 - Loading properties file from class path resource [hag-common.properties] 
2016-11-11 16:27:43.493  INFO main PropertyPlaceholderConfigurer:172 - Loading properties file from class path resource [hag.properties] 
2016-11-11 16:27:44.437  INFO main EmbeddedDatabaseFactory:185 - Starting embedded database: url='jdbc:h2:mem:testdb;DB_CLOSE_DELAY=-1;DB_CLOSE_ON_EXIT=false', username='sa' 
2016-11-11 16:27:45.394  INFO main ScriptUtils:444 - Executing SQL script from class path resource [databaseScript/hongyan-learn.sql] 
2016-11-11 16:27:45.548  INFO main ScriptUtils:510 - Executed SQL script from class path resource [databaseScript/hongyan-learn.sql] in 152 ms. 
2016-11-11 16:27:49.244  WARN Hag client init thread. CuratorZookeeperClient:94 - session timeout [6000] is less than connection timeout [15000] 
2016-11-11 16:27:49.531  INFO Hag client init thread. CuratorFrameworkImpl:230 - Starting 
2016-11-11 16:27:49.582  INFO Hag client init thread. ZooKeeper:100 - Client environment:zookeeper.version=3.4.6-1569965, built on 02/20/2014 09:09 GMT 
2016-11-11 16:27:49.583  INFO Hag client init thread. ZooKeeper:100 - Client environment:host.name=bogon 
2016-11-11 16:27:49.583  INFO Hag client init thread. ZooKeeper:100 - Client environment:java.version=1.8.0_102 
2016-11-11 16:27:49.583  INFO Hag client init thread. ZooKeeper:100 - Client environment:java.vendor=Oracle Corporation 
2016-11-11 16:27:49.583  INFO Hag client init thread. ZooKeeper:100 - Client environment:java.home=/Library/Java/JavaVirtualMachines/jdk1.8.0_102.jdk/Contents/Home/jre 
2016-11-11 16:27:49.583  INFO Hag client init thread. ZooKeeper:100 - Client environment:java.class.path=/Applications/IntelliJ IDEA.app/Contents/lib/idea_rt.jar:/Applications/IntelliJ IDEA.app/Contents/plugins/junit/lib/junit-rt.jar:/Library/Java/JavaVirtualMachines/jdk1.8.0_102.jdk/Contents/Home/jre/lib/charsets.jar:/Library/Java/JavaVirtualMachines/jdk1.8.0_102.jdk/Contents/Home/jre/lib/deploy.jar:/Library/Java/JavaVirtualMachines/jdk1.8.0_102.jdk/Contents/Home/jre/lib/ext/cldrdata.jar:/Library/Java/JavaVirtualMachines/jdk1.8.0_102.jdk/Contents/Home/jre/lib/ext/dnsns.jar:/Library/Java/JavaVirtualMachines/jdk1.8.0_102.jdk/Contents/Home/jre/lib/ext/jaccess.jar:/Library/Java/JavaVirtualMachines/jdk1.8.0_102.jdk/Contents/Home/jre/lib/ext/jfxrt.jar:/Library/Java/JavaVirtualMachines/jdk1.8.0_102.jdk/Contents/Home/jre/lib/ext/localedata.jar:/Library/Java/JavaVirtualMachines/jdk1.8.0_102.jdk/Contents/Home/jre/lib/ext/nashorn.jar:/Library/Java/JavaVirtualMachines/jdk1.8.0_102.jdk/Contents/Home/jre/lib/ext/sunec.jar:/Library/Java/JavaVirtualMachines/jdk1.8.0_102.jdk/Contents/Home/jre/lib/ext/sunjce_provider.jar:/Library/Java/JavaVirtualMachines/jdk1.8.0_102.jdk/Contents/Home/jre/lib/ext/sunpkcs11.jar:/Library/Java/JavaVirtualMachines/jdk1.8.0_102.jdk/Contents/Home/jre/lib/ext/zipfs.jar:/Library/Java/JavaVirtualMachines/jdk1.8.0_102.jdk/Contents/Home/jre/lib/javaws.jar:/Library/Java/JavaVirtualMachines/jdk1.8.0_102.jdk/Contents/Home/jre/lib/jce.jar:/Library/Java/JavaVirtualMachines/jdk1.8.0_102.jdk/Contents/Home/jre/lib/jfr.jar:/Library/Java/JavaVirtualMachines/jdk1.8.0_102.jdk/Contents/Home/jre/lib/jfxswt.jar:/Library/Java/JavaVirtualMachines/jdk1.8.0_102.jdk/Contents/Home/jre/lib/jsse.jar:/Library/Java/JavaVirtualMachines/jdk1.8.0_102.jdk/Contents/Home/jre/lib/management-agent.jar:/Library/Java/JavaVirtualMachines/jdk1.8.0_102.jdk/Contents/Home/jre/lib/plugin.jar:/Library/Java/JavaVirtualMachines/jdk1.8.0_102.jdk/Contents/Home/jre/lib/resources.jar:/Library/Java/JavaVirtualMachines/jdk1.8.0_102.jdk/Contents/Home/jre/lib/rt.jar:/Library/Java/JavaVirtualMachines/jdk1.8.0_102.jdk/Contents/Home/lib/ant-javafx.jar:/Library/Java/JavaVirtualMachines/jdk1.8.0_102.jdk/Contents/Home/lib/dt.jar:/Library/Java/JavaVirtualMachines/jdk1.8.0_102.jdk/Contents/Home/lib/javafx-mx.jar:/Library/Java/JavaVirtualMachines/jdk1.8.0_102.jdk/Contents/Home/lib/jconsole.jar:/Library/Java/JavaVirtualMachines/jdk1.8.0_102.jdk/Contents/Home/lib/packager.jar:/Library/Java/JavaVirtualMachines/jdk1.8.0_102.jdk/Contents/Home/lib/sa-jdi.jar:/Library/Java/JavaVirtualMachines/jdk1.8.0_102.jdk/Contents/Home/lib/tools.jar:/Users/weihongyan/Documents/workspace/personal/learn-parent/learn-web/target/test-classes:/Users/weihongyan/Documents/workspace/personal/learn-parent/learn-web/target/classes:/Users/weihongyan/Documents/workspace/personal/learn-parent/learn-dal/target/classes:/Users/weihongyan/Documents/workspace/personal/learn-parent/learn-sal/target/classes:/Users/weihongyan/Documents/workspace/personal/learn-parent/learn-biz/target/classes:/Users/weihongyan/Documents/workspace/personal/learn-parent/learn-common/target/classes:/Users/weihongyan/.m2/repository/org/springframework/spring-webmvc/4.3.2.RELEASE/spring-webmvc-4.3.2.RELEASE.jar:/Users/weihongyan/.m2/repository/org/springframework/spring-aop/4.3.2.RELEASE/spring-aop-4.3.2.RELEASE.jar:/Users/weihongyan/.m2/repository/org/springframework/spring-beans/4.3.2.RELEASE/spring-beans-4.3.2.RELEASE.jar:/Users/weihongyan/.m2/repository/org/springframework/spring-core/4.3.2.RELEASE/spring-core-4.3.2.RELEASE.jar:/Users/weihongyan/.m2/repository/commons-logging/commons-logging/1.2/commons-logging-1.2.jar:/Users/weihongyan/.m2/repository/org/springframework/spring-expression/4.3.2.RELEASE/spring-expression-4.3.2.RELEASE.jar:/Users/weihongyan/.m2/repository/org/springframework/spring-web/4.3.2.RELEASE/spring-web-4.3.2.RELEASE.jar:/Users/weihongyan/.m2/repository/org/springframework/spring-context/4.3.2.RELEASE/spring-context-4.3.2.RELEASE.jar:/Users/weihongyan/.m2/repository/org/springframework/spring-websocket/4.3.2.RELEASE/spring-websocket-4.3.2.RELEASE.jar:/Users/weihongyan/.m2/repository/javax/servlet/javax.servlet-api/3.1.0/javax.servlet-api-3.1.0.jar:/Users/weihongyan/.m2/repository/javax/websocket/javax.websocket-api/1.0/javax.websocket-api-1.0.jar:/Users/weihongyan/.m2/repository/org/springframework/spring-test/4.3.2.RELEASE/spring-test-4.3.2.RELEASE.jar:/Users/weihongyan/.m2/repository/junit/junit/4.12/junit-4.12.jar:/Users/weihongyan/.m2/repository/org/hamcrest/hamcrest-core/1.3/hamcrest-core-1.3.jar:/Users/weihongyan/.m2/repository/com/jayway/jsonpath/json-path/2.2.0/json-path-2.2.0.jar:/Users/weihongyan/.m2/repository/net/minidev/json-smart/2.2.1/json-smart-2.2.1.jar:/Users/weihongyan/.m2/repository/net/minidev/accessors-smart/1.1/accessors-smart-1.1.jar:/Users/weihongyan/.m2/repository/org/ow2/asm/asm/5.0.3/asm-5.0.3.jar:/Users/weihongyan/.m2/repository/org/slf4j/slf4j-api/1.7.16/slf4j-api-1.7.16.jar:/Users/weihongyan/.m2/repository/com/jayway/jsonpath/json-path-assert/2.2.0/json-path-assert-2.2.0.jar:/Users/weihongyan/.m2/repository/org/hamcrest/hamcrest-library/1.3/hamcrest-library-1.3.jar:/Users/weihongyan/.m2/repository/org/mockito/mockito-all/1.10.19/mockito-all-1.10.19.jar:/Users/weihongyan/.m2/repository/com/fasterxml/jackson/core/jackson-annotations/2.8.1/jackson-annotations-2.8.1.jar:/Users/weihongyan/.m2/repository/com/fasterxml/jackson/core/jackson-core/2.8.1/jackson-core-2.8.1.jar:/Users/weihongyan/.m2/repository/com/fasterxml/jackson/core/jackson-databind/2.8.1/jackson-databind-2.8.1.jar:/Users/weihongyan/.m2/repository/org/hibernate/hibernate-validator/5.2.4.Final/hibernate-validator-5.2.4.Final.jar:/Users/weihongyan/.m2/repository/javax/validation/validation-api/1.1.0.Final/validation-api-1.1.0.Final.jar:/Users/weihongyan/.m2/repository/org/jboss/logging/jboss-logging/3.2.1.Final/jboss-logging-3.2.1.Final.jar:/Users/weihongyan/.m2/repository/com/fasterxml/classmate/1.1.0/classmate-1.1.0.jar:/Users/weihongyan/.m2/repository/com/mitchellbosecke/pebble-spring3/2.2.1/pebble-spring3-2.2.1.jar:/Users/weihongyan/.m2/repository/com/mitchellbosecke/pebble/2.2.1/pebble-2.2.1.jar:/Users/weihongyan/.m2/repository/com/coverity/security/coverity-escapers/1.1/coverity-escapers-1.1.jar:/Users/weihongyan/.m2/repository/org/aspectj/aspectjweaver/1.8.9/aspectjweaver-1.8.9.jar:/Users/weihongyan/.m2/repository/org/springframework/data/spring-data-redis/1.7.2.RELEASE/spring-data-redis-1.7.2.RELEASE.jar:/Users/weihongyan/.m2/repository/org/springframework/data/spring-data-keyvalue/1.1.2.RELEASE/spring-data-keyvalue-1.1.2.RELEASE.jar:/Users/weihongyan/.m2/repository/org/springframework/data/spring-data-commons/1.12.2.RELEASE/spring-data-commons-1.12.2.RELEASE.jar:/Users/weihongyan/.m2/repository/org/springframework/spring-tx/4.2.6.RELEASE/spring-tx-4.2.6.RELEASE.jar:/Users/weihongyan/.m2/repository/org/springframework/spring-oxm/4.2.6.RELEASE/spring-oxm-4.2.6.RELEASE.jar:/Users/weihongyan/.m2/repository/org/springframework/spring-context-support/4.2.6.RELEASE/spring-context-support-4.2.6.RELEASE.jar:/Users/weihongyan/.m2/repository/org/slf4j/jcl-over-slf4j/1.7.21/jcl-over-slf4j-1.7.21.jar:/Users/weihongyan/.m2/repository/redis/clients/jedis/2.9.0/jedis-2.9.0.jar:/Users/weihongyan/.m2/repository/org/apache/commons/commons-pool2/2.4.2/commons-pool2-2.4.2.jar:/Users/weihongyan/.m2/repository/com/h2database/h2/1.4.192/h2-1.4.192.jar:/Users/weihongyan/.m2/repository/com/lmax/disruptor/3.3.5/disruptor-3.3.5.jar:/Users/weihongyan/.m2/repository/org/projectlombok/lombok/1.16.10/lombok-1.16.10.jar:/Users/weihongyan/.m2/repository/com/google/guava/guava/19.0/guava-19.0.jar:/Users/weihongyan/.m2/repository/com/google/code/gson/gson/2.7/gson-2.7.jar:/Users/weihongyan/.m2/repository/org/apache/logging/log4j/log4j-core/2.6.2/log4j-core-2.6.2.jar:/Users/weihongyan/.m2/repository/org/apache/logging/log4j/log4j-api/2.6.2/log4j-api-2.6.2.jar:/Users/weihongyan/.m2/repository/org/apache/logging/log4j/log4j-slf4j-impl/2.6.2/log4j-slf4j-impl-2.6.2.jar:/Users/weihongyan/.m2/repository/org/apache/logging/log4j/log4j-web/2.6.2/log4j-web-2.6.2.jar:/Users/weihongyan/Documents/workspace/sql-builder/target/classes:/Users/weihongyan/.m2/repository/org/apache/commons/commons-collections4/4.1/commons-collections4-4.1.jar:/Users/weihongyan/.m2/repository/org/springframework/spring-jdbc/4.2.5.RELEASE/spring-jdbc-4.2.5.RELEASE.jar:/Users/weihongyan/.m2/repository/org/apache/commons/commons-lang3/3.4/commons-lang3-3.4.jar:/Users/weihongyan/.m2/repository/commons-beanutils/commons-beanutils/1.9.2/commons-beanutils-1.9.2.jar:/Users/weihongyan/.m2/repository/commons-collections/commons-collections/3.2.1/commons-collections-3.2.1.jar:/Users/weihongyan/.m2/repository/org/mybatis/mybatis/3.4.1/mybatis-3.4.1.jar:/Users/weihongyan/.m2/repository/org/mybatis/mybatis-spring/1.3.0/mybatis-spring-1.3.0.jar:/Users/weihongyan/.m2/repository/commons-codec/commons-codec/1.10/commons-codec-1.10.jar:/Users/weihongyan/.m2/repository/joda-time/joda-time/2.9.4/joda-time-2.9.4.jar:/Users/weihongyan/.m2/repository/com/baijia/yunying/hag/hag-client/1.1.0-SNAPSHOT/hag-client-1.1.0-20160627.025457-13.jar:/Users/weihongyan/.m2/repository/com/baijia/yunying/hag/hag-dal-api/1.1.0-SNAPSHOT/hag-dal-api-1.1.0-20160121.125335-7.jar:/Users/weihongyan/.m2/repository/com/baijia/yunying/hag/hag-adaptor/1.1.0-SNAPSHOT/hag-adaptor-1.1.0-20160121.125337-8.jar:/Users/weihongyan/.m2/repository/log4j/log4j/1.2.16/log4j-1.2.16.jar:/Users/weihongyan/.m2/repository/com/baijia/yunying/hag/hag-common/1.1.0-SNAPSHOT/hag-common-1.1.0-20160121.125334-8.jar:/Users/weihongyan/.m2/repository/commons-lang/commons-lang/2.6/commons-lang-2.6.jar:/Users/weihongyan/.m2/repository/com/baijia/commons-lang/1.0.3-SNAPSHOT/commons-lang-1.0.3-SNAPSHOT.jar:/Users/weihongyan/.m2/repository/javax/servlet/servlet-api/2.5/servlet-api-2.5.jar:/Users/weihongyan/.m2/repository/com/sun/mail/javax.mail/1.5.1/javax.mail-1.5.1.jar:/Users/weihongyan/.m2/repository/javax/activation/activation/1.1/activation-1.1.jar:/Users/weihongyan/.m2/repository/javax/mail/javax.mail-api/1.5.2/javax.mail-api-1.5.2.jar:/Users/weihongyan/.m2/repository/org/apache/httpcomponents/httpclient/4.3.3/httpclient-4.3.3.jar:/Users/weihongyan/.m2/repository/org/apache/httpcomponents/httpcore/4.3.2/httpcore-4.3.2.jar:/Users/weihongyan/.m2/repository/org/apache/httpcomponents/httpmime/4.2.5/httpmime-4.2.5.jar:/Users/weihongyan/.m2/repository/org/codehaus/jackson/jackson-core-asl/1.9.5/jackson-core-asl-1.9.5.jar:/Users/weihongyan/.m2/repository/org/codehaus/jackson/jackson-mapper-asl/1.9.5/jackson-mapper-asl-1.9.5.jar:/Users/weihongyan/.m2/repository/org/codehaus/jackson/jackson-core-lgpl/1.9.5/jackson-core-lgpl-1.9.5.jar:/Users/weihongyan/.m2/repository/org/codehaus/jackson/jackson-mapper-lgpl/1.9.5/jackson-mapper-lgpl-1.9.5.jar:/Users/weihongyan/.m2/repository/commons-io/commons-io/2.4/commons-io-2.4.jar:/Users/weihongyan/.m2/repository/org/apache/poi/poi/3.12/poi-3.12.jar:/Users/weihongyan/.m2/repository/org/apache/poi/poi-ooxml/3.12/poi-ooxml-3.12.jar:/Users/weihongyan/.m2/repository/org/apache/poi/poi-ooxml-schemas/3.12/poi-ooxml-schemas-3.12.jar:/Users/weihongyan/.m2/repository/org/apache/xmlbeans/xmlbeans/2.6.0/xmlbeans-2.6.0.jar:/Users/weihongyan/.m2/repository/stax/stax-api/1.0.1/stax-api-1.0.1.jar:/Users/weihongyan/.m2/repository/org/apache/poi/poi-scratchpad/3.12/poi-scratchpad-3.12.jar:/Users/weihongyan/.m2/repository/com/googlecode/xmemcached/xmemcached/1.3.5/xmemcached-1.3.5.jar:/Users/weihongyan/.m2/repository/com/google/zxing/core/3.2.1/core-3.2.1.jar:/Users/weihongyan/.m2/repository/com/google/zxing/javase/3.2.1/javase-3.2.1.jar:/Users/weihongyan/.m2/repository/com/beust/jcommander/1.48/jcommander-1.48.jar:/Users/weihongyan/.m2/repository/com/aliyun/mns/aliyun-sdk-mns/1.0.3/aliyun-sdk-mns-1.0.3.jar:/Users/weihongyan/.m2/repository/org/jdom/jdom/1.1/jdom-1.1.jar:/Users/weihongyan/.m2/repository/com/mashape/unirest/unirest-java/1.4.7/unirest-java-1.4.7.jar:/Users/weihongyan/.m2/repository/org/apache/httpcomponents/httpasyncclient/4.0.2/httpasyncclient-4.0.2.jar:/Users/weihongyan/.m2/repository/org/apache/httpcomponents/httpcore-nio/4.3.2/httpcore-nio-4.3.2.jar:/Users/weihongyan/.m2/repository/org/json/json/20140107/json-20140107.jar:/Users/weihongyan/.m2/repository/com/jolbox/bonecp/0.8.0.RELEASE/bonecp-0.8.0.RELEASE.jar:/Users/weihongyan/.m2/repository/mysql/mysql-connector-java/6.0.3/mysql-connector-java-6.0.3.jar:/Users/weihongyan/.m2/repository/org/apache/curator/curator-recipes/2.6.0/curator-recipes-2.6.0.jar:/Users/weihongyan/.m2/repository/org/apache/curator/curator-framework/2.6.0/curator-framework-2.6.0.jar:/Users/weihongyan/.m2/repository/org/apache/curator/curator-client/2.6.0/curator-client-2.6.0.jar:/Users/weihongyan/.m2/repository/org/apache/zookeeper/zookeeper/3.4.6/zookeeper-3.4.6.jar:/Users/weihongyan/.m2/repository/jline/jline/0.9.94/jline-0.9.94.jar:/Users/weihongyan/.m2/repository/io/netty/netty/3.7.0.Final/netty-3.7.0.Final.jar 
2016-11-11 16:27:49.583  INFO Hag client init thread. ZooKeeper:100 - Client environment:java.library.path=/Users/weihongyan/Library/Java/Extensions:/Library/Java/Extensions:/Network/Library/Java/Extensions:/System/Library/Java/Extensions:/usr/lib/java:. 
2016-11-11 16:27:49.583  INFO Hag client init thread. ZooKeeper:100 - Client environment:java.io.tmpdir=/var/folders/fp/yx7pcdg951gfz0sm9jy4tlmr0000gn/T/ 
2016-11-11 16:27:49.583  INFO Hag client init thread. ZooKeeper:100 - Client environment:java.compiler=<NA> 
2016-11-11 16:27:49.583  INFO Hag client init thread. ZooKeeper:100 - Client environment:os.name=Mac OS X 
2016-11-11 16:27:49.583  INFO Hag client init thread. ZooKeeper:100 - Client environment:os.arch=x86_64 
2016-11-11 16:27:49.584  INFO Hag client init thread. ZooKeeper:100 - Client environment:os.version=10.12.1 
2016-11-11 16:27:49.584  INFO Hag client init thread. ZooKeeper:100 - Client environment:user.name=weihongyan 
2016-11-11 16:27:49.584  INFO Hag client init thread. ZooKeeper:100 - Client environment:user.home=/Users/weihongyan 
2016-11-11 16:27:49.584  INFO Hag client init thread. ZooKeeper:100 - Client environment:user.dir=/Users/weihongyan/Documents/workspace/personal/learn-parent/learn-web 
2016-11-11 16:27:49.585  INFO Hag client init thread. ZooKeeper:438 - Initiating client connection, connectString=172.21.135.1:2181,172.21.135.1:2182,172.21.135.1:2183 sessionTimeout=6000 watcher=org.apache.curator.ConnectionState@26946701 
2016-11-11 16:27:49.852  INFO Hag client init thread.-SendThread(172.21.135.1:2181) ClientCnxn:975 - Opening socket connection to server 172.21.135.1/172.21.135.1:2181. Will not attempt to authenticate using SASL (unknown error) 
2016-11-11 16:27:50.375  INFO Hag client init thread.-SendThread(172.21.135.1:2181) ClientCnxn:852 - Socket connection established to 172.21.135.1/172.21.135.1:2181, initiating session 
2016-11-11 16:27:50.546  INFO Hag client init thread.-SendThread(172.21.135.1:2181) ClientCnxn:1235 - Session establishment complete on server 172.21.135.1/172.21.135.1:2181, sessionid = 0x157ff13e204086a, negotiated timeout = 6000 
2016-11-11 16:27:50.553  INFO Hag client init thread.-EventThread ConnectionStateManager:228 - State change: CONNECTED 
2016-11-11 16:27:51.584  INFO main RequestMappingHandlerMapping:543 - Mapped "{[/contact/getByName.json]}" onto public com.hongyan.learn.web.dto.WebResponse<com.hongyan.learn.sal.dto.ContactDto> com.hongyan.learn.web.controller.ContactController.getContactByName(java.lang.String) 
2016-11-11 16:27:51.633  INFO main RequestMappingHandlerMapping:543 - Mapped "{[/echo.json]}" onto public java.lang.Object com.hongyan.learn.web.controller.EchoController.echo(java.lang.String) 
2016-11-11 16:27:51.647  INFO main RequestMappingHandlerMapping:543 - Mapped "{[/]}" onto public org.springframework.web.servlet.ModelAndView com.hongyan.learn.web.controller.HomeController.home() 
2016-11-11 16:27:51.656  INFO main RequestMappingHandlerMapping:543 - Mapped "{[/index.do]}" onto public org.springframework.web.servlet.ModelAndView com.hongyan.learn.web.controller.HomeController.home(java.lang.String) 
2016-11-11 16:27:51.660  INFO main RequestMappingHandlerMapping:543 - Mapped "{[/upload.do]}" onto public org.springframework.web.servlet.ModelAndView com.hongyan.learn.web.controller.HomeController.upload(javax.servlet.http.Part) throws java.io.IOException 
2016-11-11 16:27:51.840  INFO Hag client init thread. HagRepositoryLocalCache:142 - Padding roles start. 
2016-11-11 16:27:51.840  INFO Hag client init thread. HagRepositoryLocalCache:157 - padding roles... 
2016-11-11 16:27:52.157  INFO main SimpleUrlHandlerMapping:354 - Mapped URL path [/**] onto handler of type [class org.springframework.web.servlet.resource.DefaultServletHttpRequestHandler] 
2016-11-11 16:27:52.413  INFO Hag client init thread. HagRepositoryLocalCache:169 - All roles supported: [Role[id=8,name=train_role_xieshuquan_1,app=training,isdel=0,description=train_role_xieshuquan_1,resExp=ResExp[tokens=[com.baijia.yunying.hag.dal.bo.Token@147dc9e3, com.baijia.yunying.hag.dal.bo.Token@76a005b9, com.baijia.yunying.hag.dal.bo.Token@418e13ca],resExp=train_resource_1 | train_resource_2]]] 
2016-11-11 16:27:52.413  INFO Hag client init thread. HagRepositoryLocalCache:174 - Clear old data 
2016-11-11 16:27:52.413  INFO Hag client init thread. HagRepositoryLocalCache:176 - Clear old data finish. 
2016-11-11 16:27:52.413  INFO Hag client init thread. HagRepositoryLocalCache:177 - Put new data. 
2016-11-11 16:27:52.414  INFO Hag client init thread. HagRepositoryLocalCache:179 - Padding roles finished. 
2016-11-11 16:27:52.414  INFO Hag client init thread. HagRepositoryLocalCache:144 - Padding roles end. 
2016-11-11 16:27:52.414  INFO Hag client init thread. HagRepositoryLocalCache:145 - Padding resources start... 
2016-11-11 16:27:52.414  INFO Hag client init thread. HagRepositoryLocalCache:183 - padding resources... 
2016-11-11 16:27:52.429  INFO Hag client init thread. HagRepositoryLocalCache:195 - Resources size 2, detail [Resource[id=89,name=train_role_xieshuquan_1,app=training,description=xieshuquan,isdel=0], Resource[id=90,name=train_role_xieshuquan_1_admin,app=training,description=【train_role_xieshuquan_1】资源管理员,isdel=0]] 
2016-11-11 16:27:52.429  INFO Hag client init thread. HagRepositoryLocalCache:147 - Padding resources end... 
2016-11-11 16:27:52.429  INFO Hag client init thread. HagRepositoryLocalCache:148 - Padding entity resource map start... 
2016-11-11 16:27:52.429  INFO Hag client init thread. HagRepositoryLocalCache:206 - All resources [Resource[id=89,name=train_role_xieshuquan_1,app=training,description=xieshuquan,isdel=0], Resource[id=90,name=train_role_xieshuquan_1_admin,app=training,description=【train_role_xieshuquan_1】资源管理员,isdel=0]] 
2016-11-11 16:27:52.429  INFO Hag client init thread. HagRepositoryLocalCache:211 - Resource Resource[id=89,name=train_role_xieshuquan_1,app=training,description=xieshuquan,isdel=0] is under processing 
2016-11-11 16:27:52.442  INFO Hag client init thread. HagRepositoryLocalCache:213 - Resource Resource[id=89,name=train_role_xieshuquan_1,app=training,description=xieshuquan,isdel=0] has entities size 0 
2016-11-11 16:27:52.442  INFO Hag client init thread. HagRepositoryLocalCache:217 - Store entity resource map into store repository 
2016-11-11 16:27:52.447  INFO Hag client init thread. HagRepositoryLocalCache:211 - Resource Resource[id=90,name=train_role_xieshuquan_1_admin,app=training,description=【train_role_xieshuquan_1】资源管理员,isdel=0] is under processing 
2016-11-11 16:27:52.460  INFO Hag client init thread. HagRepositoryLocalCache:213 - Resource Resource[id=90,name=train_role_xieshuquan_1_admin,app=training,description=【train_role_xieshuquan_1】资源管理员,isdel=0] has entities size 1 
2016-11-11 16:27:52.460  INFO Hag client init thread. HagRepositoryLocalCache:217 - Store entity resource map into store repository 
2016-11-11 16:27:52.500  INFO Hag client init thread. HagRepositoryLocalCache:150 - Padding entity resource map end... 
2016-11-11 16:27:52.712  INFO main Version:30 - HV000001: Hibernate Validator 5.2.4.Final 
2016-11-11 16:27:55.948  WARN main GenericWebApplicationContext:549 - Exception encountered during context initialization - cancelling refresh attempt: org.springframework.beans.factory.BeanCreationException: Error creating bean with name 'mvcUriComponentsContributor' defined in org.springframework.web.servlet.config.annotation.DelegatingWebMvcConfiguration: Bean instantiation via factory method failed; nested exception is org.springframework.beans.BeanInstantiationException: Failed to instantiate [org.springframework.web.method.support.CompositeUriComponentsContributor]: Factory method 'mvcUriComponentsContributor' threw exception; nested exception is org.springframework.beans.factory.BeanCreationException: Error creating bean with name 'requestMappingHandlerAdapter' defined in com.hongyan.learn.config.MvcConfig: Bean instantiation via factory method failed; nested exception is org.springframework.beans.BeanInstantiationException: Failed to instantiate [org.springframework.web.servlet.mvc.method.annotation.RequestMappingHandlerAdapter]: Factory method 'requestMappingHandlerAdapter' threw exception; nested exception is java.lang.IllegalArgumentException: Invalid token character '/' in token "application/json;charset=UTF-8" 
2016-11-11 16:27:56.173  INFO Hag client init thread.-EventThread ClientCnxn:512 - EventThread shut down 
2016-11-11 16:27:56.174  INFO main ZooKeeper:684 - Session: 0x157ff13e204086a closed 
2016-11-11 16:27:56.189  INFO main EmbeddedDatabaseFactory:217 - Shutting down embedded database: url='jdbc:h2:mem:testdb;DB_CLOSE_DELAY=-1;DB_CLOSE_ON_EXIT=false' 
2016-11-11 16:27:56.199 ERROR main TestContextManager:234 - Caught exception while allowing TestExecutionListener [org.springframework.test.context.web.ServletTestExecutionListener@34a3d150] to prepare test instance [com.hongyan.learn.test.controller.HomeControllerTest@10ef5fa0] 
java.lang.IllegalStateException: Failed to load ApplicationContext
	at org.springframework.test.context.cache.DefaultCacheAwareContextLoaderDelegate.loadContext(DefaultCacheAwareContextLoaderDelegate.java:124) ~[spring-test-4.3.2.RELEASE.jar:4.3.2.RELEASE]
	at org.springframework.test.context.support.DefaultTestContext.getApplicationContext(DefaultTestContext.java:83) ~[spring-test-4.3.2.RELEASE.jar:4.3.2.RELEASE]
	at org.springframework.test.context.web.ServletTestExecutionListener.setUpRequestContextIfNecessary(ServletTestExecutionListener.java:189) ~[spring-test-4.3.2.RELEASE.jar:4.3.2.RELEASE]
	at org.springframework.test.context.web.ServletTestExecutionListener.prepareTestInstance(ServletTestExecutionListener.java:131) ~[spring-test-4.3.2.RELEASE.jar:4.3.2.RELEASE]
	at org.springframework.test.context.TestContextManager.prepareTestInstance(TestContextManager.java:230) ~[spring-test-4.3.2.RELEASE.jar:4.3.2.RELEASE]
	at org.springframework.test.context.junit4.SpringJUnit4ClassRunner.createTest(SpringJUnit4ClassRunner.java:228) ~[spring-test-4.3.2.RELEASE.jar:4.3.2.RELEASE]
	at org.springframework.test.context.junit4.SpringJUnit4ClassRunner$1.runReflectiveCall(SpringJUnit4ClassRunner.java:287) ~[spring-test-4.3.2.RELEASE.jar:4.3.2.RELEASE]
	at org.junit.internal.runners.model.ReflectiveCallable.run(ReflectiveCallable.java:12) ~[junit-4.12.jar:4.12]
	at org.springframework.test.context.junit4.SpringJUnit4ClassRunner.methodBlock(SpringJUnit4ClassRunner.java:289) ~[spring-test-4.3.2.RELEASE.jar:4.3.2.RELEASE]
	at org.springframework.test.context.junit4.SpringJUnit4ClassRunner.runChild(SpringJUnit4ClassRunner.java:247) ~[spring-test-4.3.2.RELEASE.jar:4.3.2.RELEASE]
	at org.springframework.test.context.junit4.SpringJUnit4ClassRunner.runChild(SpringJUnit4ClassRunner.java:94) ~[spring-test-4.3.2.RELEASE.jar:4.3.2.RELEASE]
	at org.junit.runners.ParentRunner$3.run(ParentRunner.java:290) ~[junit-4.12.jar:4.12]
	at org.junit.runners.ParentRunner$1.schedule(ParentRunner.java:71) ~[junit-4.12.jar:4.12]
	at org.junit.runners.ParentRunner.runChildren(ParentRunner.java:288) ~[junit-4.12.jar:4.12]
	at org.junit.runners.ParentRunner.access$000(ParentRunner.java:58) ~[junit-4.12.jar:4.12]
	at org.junit.runners.ParentRunner$2.evaluate(ParentRunner.java:268) ~[junit-4.12.jar:4.12]
	at org.springframework.test.context.junit4.statements.RunBeforeTestClassCallbacks.evaluate(RunBeforeTestClassCallbacks.java:61) ~[spring-test-4.3.2.RELEASE.jar:4.3.2.RELEASE]
	at org.springframework.test.context.junit4.statements.RunAfterTestClassCallbacks.evaluate(RunAfterTestClassCallbacks.java:70) ~[spring-test-4.3.2.RELEASE.jar:4.3.2.RELEASE]
	at org.junit.runners.ParentRunner.run(ParentRunner.java:363) ~[junit-4.12.jar:4.12]
	at org.springframework.test.context.junit4.SpringJUnit4ClassRunner.run(SpringJUnit4ClassRunner.java:191) ~[spring-test-4.3.2.RELEASE.jar:4.3.2.RELEASE]
	at org.junit.runner.JUnitCore.run(JUnitCore.java:137) ~[junit-4.12.jar:4.12]
	at com.intellij.junit4.JUnit4IdeaTestRunner.startRunnerWithArgs(JUnit4IdeaTestRunner.java:117) ~[junit-rt.jar:?]
	at com.intellij.junit4.JUnit4IdeaTestRunner.startRunnerWithArgs(JUnit4IdeaTestRunner.java:42) ~[junit-rt.jar:?]
	at com.intellij.rt.execution.junit.JUnitStarter.prepareStreamsAndStart(JUnitStarter.java:262) ~[junit-rt.jar:?]
	at com.intellij.rt.execution.junit.JUnitStarter.main(JUnitStarter.java:84) ~[junit-rt.jar:?]
	at sun.reflect.NativeMethodAccessorImpl.invoke0(Native Method) ~[?:1.8.0_102]
	at sun.reflect.NativeMethodAccessorImpl.invoke(NativeMethodAccessorImpl.java:62) ~[?:1.8.0_102]
	at sun.reflect.DelegatingMethodAccessorImpl.invoke(DelegatingMethodAccessorImpl.java:43) ~[?:1.8.0_102]
	at java.lang.reflect.Method.invoke(Method.java:498) ~[?:1.8.0_102]
	at com.intellij.rt.execution.application.AppMain.main(AppMain.java:147) ~[idea_rt.jar:?]
Caused by: org.springframework.beans.factory.BeanCreationException: Error creating bean with name 'mvcUriComponentsContributor' defined in org.springframework.web.servlet.config.annotation.DelegatingWebMvcConfiguration: Bean instantiation via factory method failed; nested exception is org.springframework.beans.BeanInstantiationException: Failed to instantiate [org.springframework.web.method.support.CompositeUriComponentsContributor]: Factory method 'mvcUriComponentsContributor' threw exception; nested exception is org.springframework.beans.factory.BeanCreationException: Error creating bean with name 'requestMappingHandlerAdapter' defined in com.hongyan.learn.config.MvcConfig: Bean instantiation via factory method failed; nested exception is org.springframework.beans.BeanInstantiationException: Failed to instantiate [org.springframework.web.servlet.mvc.method.annotation.RequestMappingHandlerAdapter]: Factory method 'requestMappingHandlerAdapter' threw exception; nested exception is java.lang.IllegalArgumentException: Invalid token character '/' in token "application/json;charset=UTF-8"
	at org.springframework.beans.factory.support.ConstructorResolver.instantiateUsingFactoryMethod(ConstructorResolver.java:599) ~[spring-beans-4.3.2.RELEASE.jar:4.3.2.RELEASE]
	at org.springframework.beans.factory.support.AbstractAutowireCapableBeanFactory.instantiateUsingFactoryMethod(AbstractAutowireCapableBeanFactory.java:1123) ~[spring-beans-4.3.2.RELEASE.jar:4.3.2.RELEASE]
	at org.springframework.beans.factory.support.AbstractAutowireCapableBeanFactory.createBeanInstance(AbstractAutowireCapableBeanFactory.java:1018) ~[spring-beans-4.3.2.RELEASE.jar:4.3.2.RELEASE]
	at org.springframework.beans.factory.support.AbstractAutowireCapableBeanFactory.doCreateBean(AbstractAutowireCapableBeanFactory.java:510) ~[spring-beans-4.3.2.RELEASE.jar:4.3.2.RELEASE]
	at org.springframework.beans.factory.support.AbstractAutowireCapableBeanFactory.createBean(AbstractAutowireCapableBeanFactory.java:482) ~[spring-beans-4.3.2.RELEASE.jar:4.3.2.RELEASE]
	at org.springframework.beans.factory.support.AbstractBeanFactory$1.getObject(AbstractBeanFactory.java:306) ~[spring-beans-4.3.2.RELEASE.jar:4.3.2.RELEASE]
	at org.springframework.beans.factory.support.DefaultSingletonBeanRegistry.getSingleton(DefaultSingletonBeanRegistry.java:230) ~[spring-beans-4.3.2.RELEASE.jar:4.3.2.RELEASE]
	at org.springframework.beans.factory.support.AbstractBeanFactory.doGetBean(AbstractBeanFactory.java:302) ~[spring-beans-4.3.2.RELEASE.jar:4.3.2.RELEASE]
	at org.springframework.beans.factory.support.AbstractBeanFactory.getBean(AbstractBeanFactory.java:197) ~[spring-beans-4.3.2.RELEASE.jar:4.3.2.RELEASE]
	at org.springframework.beans.factory.support.DefaultListableBeanFactory.preInstantiateSingletons(DefaultListableBeanFactory.java:776) ~[spring-beans-4.3.2.RELEASE.jar:4.3.2.RELEASE]
	at org.springframework.context.support.AbstractApplicationContext.finishBeanFactoryInitialization(AbstractApplicationContext.java:861) ~[spring-context-4.3.2.RELEASE.jar:4.3.2.RELEASE]
	at org.springframework.context.support.AbstractApplicationContext.refresh(AbstractApplicationContext.java:541) ~[spring-context-4.3.2.RELEASE.jar:4.3.2.RELEASE]
	at org.springframework.test.context.web.AbstractGenericWebContextLoader.loadContext(AbstractGenericWebContextLoader.java:134) ~[spring-test-4.3.2.RELEASE.jar:4.3.2.RELEASE]
	at org.springframework.test.context.web.AbstractGenericWebContextLoader.loadContext(AbstractGenericWebContextLoader.java:61) ~[spring-test-4.3.2.RELEASE.jar:4.3.2.RELEASE]
	at org.springframework.test.context.support.AbstractDelegatingSmartContextLoader.delegateLoading(AbstractDelegatingSmartContextLoader.java:108) ~[spring-test-4.3.2.RELEASE.jar:4.3.2.RELEASE]
	at org.springframework.test.context.support.AbstractDelegatingSmartContextLoader.loadContext(AbstractDelegatingSmartContextLoader.java:251) ~[spring-test-4.3.2.RELEASE.jar:4.3.2.RELEASE]
	at org.springframework.test.context.cache.DefaultCacheAwareContextLoaderDelegate.loadContextInternal(DefaultCacheAwareContextLoaderDelegate.java:98) ~[spring-test-4.3.2.RELEASE.jar:4.3.2.RELEASE]
	at org.springframework.test.context.cache.DefaultCacheAwareContextLoaderDelegate.loadContext(DefaultCacheAwareContextLoaderDelegate.java:116) ~[spring-test-4.3.2.RELEASE.jar:4.3.2.RELEASE]
	... 29 more
Caused by: org.springframework.beans.BeanInstantiationException: Failed to instantiate [org.springframework.web.method.support.CompositeUriComponentsContributor]: Factory method 'mvcUriComponentsContributor' threw exception; nested exception is org.springframework.beans.factory.BeanCreationException: Error creating bean with name 'requestMappingHandlerAdapter' defined in com.hongyan.learn.config.MvcConfig: Bean instantiation via factory method failed; nested exception is org.springframework.beans.BeanInstantiationException: Failed to instantiate [org.springframework.web.servlet.mvc.method.annotation.RequestMappingHandlerAdapter]: Factory method 'requestMappingHandlerAdapter' threw exception; nested exception is java.lang.IllegalArgumentException: Invalid token character '/' in token "application/json;charset=UTF-8"
	at org.springframework.beans.factory.support.SimpleInstantiationStrategy.instantiate(SimpleInstantiationStrategy.java:189) ~[spring-beans-4.3.2.RELEASE.jar:4.3.2.RELEASE]
	at org.springframework.beans.factory.support.ConstructorResolver.instantiateUsingFactoryMethod(ConstructorResolver.java:588) ~[spring-beans-4.3.2.RELEASE.jar:4.3.2.RELEASE]
	at org.springframework.beans.factory.support.AbstractAutowireCapableBeanFactory.instantiateUsingFactoryMethod(AbstractAutowireCapableBeanFactory.java:1123) ~[spring-beans-4.3.2.RELEASE.jar:4.3.2.RELEASE]
	at org.springframework.beans.factory.support.AbstractAutowireCapableBeanFactory.createBeanInstance(AbstractAutowireCapableBeanFactory.java:1018) ~[spring-beans-4.3.2.RELEASE.jar:4.3.2.RELEASE]
	at org.springframework.beans.factory.support.AbstractAutowireCapableBeanFactory.doCreateBean(AbstractAutowireCapableBeanFactory.java:510) ~[spring-beans-4.3.2.RELEASE.jar:4.3.2.RELEASE]
	at org.springframework.beans.factory.support.AbstractAutowireCapableBeanFactory.createBean(AbstractAutowireCapableBeanFactory.java:482) ~[spring-beans-4.3.2.RELEASE.jar:4.3.2.RELEASE]
	at org.springframework.beans.factory.support.AbstractBeanFactory$1.getObject(AbstractBeanFactory.java:306) ~[spring-beans-4.3.2.RELEASE.jar:4.3.2.RELEASE]
	at org.springframework.beans.factory.support.DefaultSingletonBeanRegistry.getSingleton(DefaultSingletonBeanRegistry.java:230) ~[spring-beans-4.3.2.RELEASE.jar:4.3.2.RELEASE]
	at org.springframework.beans.factory.support.AbstractBeanFactory.doGetBean(AbstractBeanFactory.java:302) ~[spring-beans-4.3.2.RELEASE.jar:4.3.2.RELEASE]
	at org.springframework.beans.factory.support.AbstractBeanFactory.getBean(AbstractBeanFactory.java:197) ~[spring-beans-4.3.2.RELEASE.jar:4.3.2.RELEASE]
	at org.springframework.beans.factory.support.DefaultListableBeanFactory.preInstantiateSingletons(DefaultListableBeanFactory.java:776) ~[spring-beans-4.3.2.RELEASE.jar:4.3.2.RELEASE]
	at org.springframework.context.support.AbstractApplicationContext.finishBeanFactoryInitialization(AbstractApplicationContext.java:861) ~[spring-context-4.3.2.RELEASE.jar:4.3.2.RELEASE]
	at org.springframework.context.support.AbstractApplicationContext.refresh(AbstractApplicationContext.java:541) ~[spring-context-4.3.2.RELEASE.jar:4.3.2.RELEASE]
	at org.springframework.test.context.web.AbstractGenericWebContextLoader.loadContext(AbstractGenericWebContextLoader.java:134) ~[spring-test-4.3.2.RELEASE.jar:4.3.2.RELEASE]
	at org.springframework.test.context.web.AbstractGenericWebContextLoader.loadContext(AbstractGenericWebContextLoader.java:61) ~[spring-test-4.3.2.RELEASE.jar:4.3.2.RELEASE]
	at org.springframework.test.context.support.AbstractDelegatingSmartContextLoader.delegateLoading(AbstractDelegatingSmartContextLoader.java:108) ~[spring-test-4.3.2.RELEASE.jar:4.3.2.RELEASE]
	at org.springframework.test.context.support.AbstractDelegatingSmartContextLoader.loadContext(AbstractDelegatingSmartContextLoader.java:251) ~[spring-test-4.3.2.RELEASE.jar:4.3.2.RELEASE]
	at org.springframework.test.context.cache.DefaultCacheAwareContextLoaderDelegate.loadContextInternal(DefaultCacheAwareContextLoaderDelegate.java:98) ~[spring-test-4.3.2.RELEASE.jar:4.3.2.RELEASE]
	at org.springframework.test.context.cache.DefaultCacheAwareContextLoaderDelegate.loadContext(DefaultCacheAwareContextLoaderDelegate.java:116) ~[spring-test-4.3.2.RELEASE.jar:4.3.2.RELEASE]
	... 29 more
Caused by: org.springframework.beans.factory.BeanCreationException: Error creating bean with name 'requestMappingHandlerAdapter' defined in com.hongyan.learn.config.MvcConfig: Bean instantiation via factory method failed; nested exception is org.springframework.beans.BeanInstantiationException: Failed to instantiate [org.springframework.web.servlet.mvc.method.annotation.RequestMappingHandlerAdapter]: Factory method 'requestMappingHandlerAdapter' threw exception; nested exception is java.lang.IllegalArgumentException: Invalid token character '/' in token "application/json;charset=UTF-8"
	at org.springframework.beans.factory.support.ConstructorResolver.instantiateUsingFactoryMethod(ConstructorResolver.java:599) ~[spring-beans-4.3.2.RELEASE.jar:4.3.2.RELEASE]
	at org.springframework.beans.factory.support.AbstractAutowireCapableBeanFactory.instantiateUsingFactoryMethod(AbstractAutowireCapableBeanFactory.java:1123) ~[spring-beans-4.3.2.RELEASE.jar:4.3.2.RELEASE]
	at org.springframework.beans.factory.support.AbstractAutowireCapableBeanFactory.createBeanInstance(AbstractAutowireCapableBeanFactory.java:1018) ~[spring-beans-4.3.2.RELEASE.jar:4.3.2.RELEASE]
	at org.springframework.beans.factory.support.AbstractAutowireCapableBeanFactory.doCreateBean(AbstractAutowireCapableBeanFactory.java:510) ~[spring-beans-4.3.2.RELEASE.jar:4.3.2.RELEASE]
	at org.springframework.beans.factory.support.AbstractAutowireCapableBeanFactory.createBean(AbstractAutowireCapableBeanFactory.java:482) ~[spring-beans-4.3.2.RELEASE.jar:4.3.2.RELEASE]
	at org.springframework.beans.factory.support.AbstractBeanFactory$1.getObject(AbstractBeanFactory.java:306) ~[spring-beans-4.3.2.RELEASE.jar:4.3.2.RELEASE]
	at org.springframework.beans.factory.support.DefaultSingletonBeanRegistry.getSingleton(DefaultSingletonBeanRegistry.java:230) ~[spring-beans-4.3.2.RELEASE.jar:4.3.2.RELEASE]
	at org.springframework.beans.factory.support.AbstractBeanFactory.doGetBean(AbstractBeanFactory.java:302) ~[spring-beans-4.3.2.RELEASE.jar:4.3.2.RELEASE]
	at org.springframework.beans.factory.support.AbstractBeanFactory.getBean(AbstractBeanFactory.java:197) ~[spring-beans-4.3.2.RELEASE.jar:4.3.2.RELEASE]
	at org.springframework.context.annotation.ConfigurationClassEnhancer$BeanMethodInterceptor.intercept(ConfigurationClassEnhancer.java:381) ~[spring-context-4.3.2.RELEASE.jar:4.3.2.RELEASE]
	at org.springframework.web.servlet.config.annotation.DelegatingWebMvcConfiguration$$EnhancerBySpringCGLIB$$31328430.requestMappingHandlerAdapter(<generated>) ~[spring-webmvc-4.3.2.RELEASE.jar:4.3.2.RELEASE]
	at org.springframework.web.servlet.config.annotation.WebMvcConfigurationSupport.mvcUriComponentsContributor(WebMvcConfigurationSupport.java:785) ~[spring-webmvc-4.3.2.RELEASE.jar:4.3.2.RELEASE]
	at org.springframework.web.servlet.config.annotation.DelegatingWebMvcConfiguration$$EnhancerBySpringCGLIB$$31328430.CGLIB$mvcUriComponentsContributor$37(<generated>) ~[spring-webmvc-4.3.2.RELEASE.jar:4.3.2.RELEASE]
	at org.springframework.web.servlet.config.annotation.DelegatingWebMvcConfiguration$$EnhancerBySpringCGLIB$$31328430$$FastClassBySpringCGLIB$$d23b62be.invoke(<generated>) ~[spring-webmvc-4.3.2.RELEASE.jar:4.3.2.RELEASE]
	at org.springframework.cglib.proxy.MethodProxy.invokeSuper(MethodProxy.java:228) ~[spring-core-4.3.2.RELEASE.jar:4.3.2.RELEASE]
	at org.springframework.context.annotation.ConfigurationClassEnhancer$BeanMethodInterceptor.intercept(ConfigurationClassEnhancer.java:356) ~[spring-context-4.3.2.RELEASE.jar:4.3.2.RELEASE]
	at org.springframework.web.servlet.config.annotation.DelegatingWebMvcConfiguration$$EnhancerBySpringCGLIB$$31328430.mvcUriComponentsContributor(<generated>) ~[spring-webmvc-4.3.2.RELEASE.jar:4.3.2.RELEASE]
	at sun.reflect.NativeMethodAccessorImpl.invoke0(Native Method) ~[?:1.8.0_102]
	at sun.reflect.NativeMethodAccessorImpl.invoke(NativeMethodAccessorImpl.java:62) ~[?:1.8.0_102]
	at sun.reflect.DelegatingMethodAccessorImpl.invoke(DelegatingMethodAccessorImpl.java:43) ~[?:1.8.0_102]
	at java.lang.reflect.Method.invoke(Method.java:498) ~[?:1.8.0_102]
	at org.springframework.beans.factory.support.SimpleInstantiationStrategy.instantiate(SimpleInstantiationStrategy.java:162) ~[spring-beans-4.3.2.RELEASE.jar:4.3.2.RELEASE]
	at org.springframework.beans.factory.support.ConstructorResolver.instantiateUsingFactoryMethod(ConstructorResolver.java:588) ~[spring-beans-4.3.2.RELEASE.jar:4.3.2.RELEASE]
	at org.springframework.beans.factory.support.AbstractAutowireCapableBeanFactory.instantiateUsingFactoryMethod(AbstractAutowireCapableBeanFactory.java:1123) ~[spring-beans-4.3.2.RELEASE.jar:4.3.2.RELEASE]
	at org.springframework.beans.factory.support.AbstractAutowireCapableBeanFactory.createBeanInstance(AbstractAutowireCapableBeanFactory.java:1018) ~[spring-beans-4.3.2.RELEASE.jar:4.3.2.RELEASE]
	at org.springframework.beans.factory.support.AbstractAutowireCapableBeanFactory.doCreateBean(AbstractAutowireCapableBeanFactory.java:510) ~[spring-beans-4.3.2.RELEASE.jar:4.3.2.RELEASE]
	at org.springframework.beans.factory.support.AbstractAutowireCapableBeanFactory.createBean(AbstractAutowireCapableBeanFactory.java:482) ~[spring-beans-4.3.2.RELEASE.jar:4.3.2.RELEASE]
	at org.springframework.beans.factory.support.AbstractBeanFactory$1.getObject(AbstractBeanFactory.java:306) ~[spring-beans-4.3.2.RELEASE.jar:4.3.2.RELEASE]
	at org.springframework.beans.factory.support.DefaultSingletonBeanRegistry.getSingleton(DefaultSingletonBeanRegistry.java:230) ~[spring-beans-4.3.2.RELEASE.jar:4.3.2.RELEASE]
	at org.springframework.beans.factory.support.AbstractBeanFactory.doGetBean(AbstractBeanFactory.java:302) ~[spring-beans-4.3.2.RELEASE.jar:4.3.2.RELEASE]
	at org.springframework.beans.factory.support.AbstractBeanFactory.getBean(AbstractBeanFactory.java:197) ~[spring-beans-4.3.2.RELEASE.jar:4.3.2.RELEASE]
	at org.springframework.beans.factory.support.DefaultListableBeanFactory.preInstantiateSingletons(DefaultListableBeanFactory.java:776) ~[spring-beans-4.3.2.RELEASE.jar:4.3.2.RELEASE]
	at org.springframework.context.support.AbstractApplicationContext.finishBeanFactoryInitialization(AbstractApplicationContext.java:861) ~[spring-context-4.3.2.RELEASE.jar:4.3.2.RELEASE]
	at org.springframework.context.support.AbstractApplicationContext.refresh(AbstractApplicationContext.java:541) ~[spring-context-4.3.2.RELEASE.jar:4.3.2.RELEASE]
	at org.springframework.test.context.web.AbstractGenericWebContextLoader.loadContext(AbstractGenericWebContextLoader.java:134) ~[spring-test-4.3.2.RELEASE.jar:4.3.2.RELEASE]
	at org.springframework.test.context.web.AbstractGenericWebContextLoader.loadContext(AbstractGenericWebContextLoader.java:61) ~[spring-test-4.3.2.RELEASE.jar:4.3.2.RELEASE]
	at org.springframework.test.context.support.AbstractDelegatingSmartContextLoader.delegateLoading(AbstractDelegatingSmartContextLoader.java:108) ~[spring-test-4.3.2.RELEASE.jar:4.3.2.RELEASE]
	at org.springframework.test.context.support.AbstractDelegatingSmartContextLoader.loadContext(AbstractDelegatingSmartContextLoader.java:251) ~[spring-test-4.3.2.RELEASE.jar:4.3.2.RELEASE]
	at org.springframework.test.context.cache.DefaultCacheAwareContextLoaderDelegate.loadContextInternal(DefaultCacheAwareContextLoaderDelegate.java:98) ~[spring-test-4.3.2.RELEASE.jar:4.3.2.RELEASE]
	at org.springframework.test.context.cache.DefaultCacheAwareContextLoaderDelegate.loadContext(DefaultCacheAwareContextLoaderDelegate.java:116) ~[spring-test-4.3.2.RELEASE.jar:4.3.2.RELEASE]
	... 29 more
Caused by: org.springframework.beans.BeanInstantiationException: Failed to instantiate [org.springframework.web.servlet.mvc.method.annotation.RequestMappingHandlerAdapter]: Factory method 'requestMappingHandlerAdapter' threw exception; nested exception is java.lang.IllegalArgumentException: Invalid token character '/' in token "application/json;charset=UTF-8"
	at org.springframework.beans.factory.support.SimpleInstantiationStrategy.instantiate(SimpleInstantiationStrategy.java:189) ~[spring-beans-4.3.2.RELEASE.jar:4.3.2.RELEASE]
	at org.springframework.beans.factory.support.ConstructorResolver.instantiateUsingFactoryMethod(ConstructorResolver.java:588) ~[spring-beans-4.3.2.RELEASE.jar:4.3.2.RELEASE]
	at org.springframework.beans.factory.support.AbstractAutowireCapableBeanFactory.instantiateUsingFactoryMethod(AbstractAutowireCapableBeanFactory.java:1123) ~[spring-beans-4.3.2.RELEASE.jar:4.3.2.RELEASE]
	at org.springframework.beans.factory.support.AbstractAutowireCapableBeanFactory.createBeanInstance(AbstractAutowireCapableBeanFactory.java:1018) ~[spring-beans-4.3.2.RELEASE.jar:4.3.2.RELEASE]
	at org.springframework.beans.factory.support.AbstractAutowireCapableBeanFactory.doCreateBean(AbstractAutowireCapableBeanFactory.java:510) ~[spring-beans-4.3.2.RELEASE.jar:4.3.2.RELEASE]
	at org.springframework.beans.factory.support.AbstractAutowireCapableBeanFactory.createBean(AbstractAutowireCapableBeanFactory.java:482) ~[spring-beans-4.3.2.RELEASE.jar:4.3.2.RELEASE]
	at org.springframework.beans.factory.support.AbstractBeanFactory$1.getObject(AbstractBeanFactory.java:306) ~[spring-beans-4.3.2.RELEASE.jar:4.3.2.RELEASE]
	at org.springframework.beans.factory.support.DefaultSingletonBeanRegistry.getSingleton(DefaultSingletonBeanRegistry.java:230) ~[spring-beans-4.3.2.RELEASE.jar:4.3.2.RELEASE]
	at org.springframework.beans.factory.support.AbstractBeanFactory.doGetBean(AbstractBeanFactory.java:302) ~[spring-beans-4.3.2.RELEASE.jar:4.3.2.RELEASE]
	at org.springframework.beans.factory.support.AbstractBeanFactory.getBean(AbstractBeanFactory.java:197) ~[spring-beans-4.3.2.RELEASE.jar:4.3.2.RELEASE]
	at org.springframework.context.annotation.ConfigurationClassEnhancer$BeanMethodInterceptor.intercept(ConfigurationClassEnhancer.java:381) ~[spring-context-4.3.2.RELEASE.jar:4.3.2.RELEASE]
	at org.springframework.web.servlet.config.annotation.DelegatingWebMvcConfiguration$$EnhancerBySpringCGLIB$$31328430.requestMappingHandlerAdapter(<generated>) ~[spring-webmvc-4.3.2.RELEASE.jar:4.3.2.RELEASE]
	at org.springframework.web.servlet.config.annotation.WebMvcConfigurationSupport.mvcUriComponentsContributor(WebMvcConfigurationSupport.java:785) ~[spring-webmvc-4.3.2.RELEASE.jar:4.3.2.RELEASE]
	at org.springframework.web.servlet.config.annotation.DelegatingWebMvcConfiguration$$EnhancerBySpringCGLIB$$31328430.CGLIB$mvcUriComponentsContributor$37(<generated>) ~[spring-webmvc-4.3.2.RELEASE.jar:4.3.2.RELEASE]
	at org.springframework.web.servlet.config.annotation.DelegatingWebMvcConfiguration$$EnhancerBySpringCGLIB$$31328430$$FastClassBySpringCGLIB$$d23b62be.invoke(<generated>) ~[spring-webmvc-4.3.2.RELEASE.jar:4.3.2.RELEASE]
	at org.springframework.cglib.proxy.MethodProxy.invokeSuper(MethodProxy.java:228) ~[spring-core-4.3.2.RELEASE.jar:4.3.2.RELEASE]
	at org.springframework.context.annotation.ConfigurationClassEnhancer$BeanMethodInterceptor.intercept(ConfigurationClassEnhancer.java:356) ~[spring-context-4.3.2.RELEASE.jar:4.3.2.RELEASE]
	at org.springframework.web.servlet.config.annotation.DelegatingWebMvcConfiguration$$EnhancerBySpringCGLIB$$31328430.mvcUriComponentsContributor(<generated>) ~[spring-webmvc-4.3.2.RELEASE.jar:4.3.2.RELEASE]
	at sun.reflect.NativeMethodAccessorImpl.invoke0(Native Method) ~[?:1.8.0_102]
	at sun.reflect.NativeMethodAccessorImpl.invoke(NativeMethodAccessorImpl.java:62) ~[?:1.8.0_102]
	at sun.reflect.DelegatingMethodAccessorImpl.invoke(DelegatingMethodAccessorImpl.java:43) ~[?:1.8.0_102]
	at java.lang.reflect.Method.invoke(Method.java:498) ~[?:1.8.0_102]
	at org.springframework.beans.factory.support.SimpleInstantiationStrategy.instantiate(SimpleInstantiationStrategy.java:162) ~[spring-beans-4.3.2.RELEASE.jar:4.3.2.RELEASE]
	at org.springframework.beans.factory.support.ConstructorResolver.instantiateUsingFactoryMethod(ConstructorResolver.java:588) ~[spring-beans-4.3.2.RELEASE.jar:4.3.2.RELEASE]
	at org.springframework.beans.factory.support.AbstractAutowireCapableBeanFactory.instantiateUsingFactoryMethod(AbstractAutowireCapableBeanFactory.java:1123) ~[spring-beans-4.3.2.RELEASE.jar:4.3.2.RELEASE]
	at org.springframework.beans.factory.support.AbstractAutowireCapableBeanFactory.createBeanInstance(AbstractAutowireCapableBeanFactory.java:1018) ~[spring-beans-4.3.2.RELEASE.jar:4.3.2.RELEASE]
	at org.springframework.beans.factory.support.AbstractAutowireCapableBeanFactory.doCreateBean(AbstractAutowireCapableBeanFactory.java:510) ~[spring-beans-4.3.2.RELEASE.jar:4.3.2.RELEASE]
	at org.springframework.beans.factory.support.AbstractAutowireCapableBeanFactory.createBean(AbstractAutowireCapableBeanFactory.java:482) ~[spring-beans-4.3.2.RELEASE.jar:4.3.2.RELEASE]
	at org.springframework.beans.factory.support.AbstractBeanFactory$1.getObject(AbstractBeanFactory.java:306) ~[spring-beans-4.3.2.RELEASE.jar:4.3.2.RELEASE]
	at org.springframework.beans.factory.support.DefaultSingletonBeanRegistry.getSingleton(DefaultSingletonBeanRegistry.java:230) ~[spring-beans-4.3.2.RELEASE.jar:4.3.2.RELEASE]
	at org.springframework.beans.factory.support.AbstractBeanFactory.doGetBean(AbstractBeanFactory.java:302) ~[spring-beans-4.3.2.RELEASE.jar:4.3.2.RELEASE]
	at org.springframework.beans.factory.support.AbstractBeanFactory.getBean(AbstractBeanFactory.java:197) ~[spring-beans-4.3.2.RELEASE.jar:4.3.2.RELEASE]
	at org.springframework.beans.factory.support.DefaultListableBeanFactory.preInstantiateSingletons(DefaultListableBeanFactory.java:776) ~[spring-beans-4.3.2.RELEASE.jar:4.3.2.RELEASE]
	at org.springframework.context.support.AbstractApplicationContext.finishBeanFactoryInitialization(AbstractApplicationContext.java:861) ~[spring-context-4.3.2.RELEASE.jar:4.3.2.RELEASE]
	at org.springframework.context.support.AbstractApplicationContext.refresh(AbstractApplicationContext.java:541) ~[spring-context-4.3.2.RELEASE.jar:4.3.2.RELEASE]
	at org.springframework.test.context.web.AbstractGenericWebContextLoader.loadContext(AbstractGenericWebContextLoader.java:134) ~[spring-test-4.3.2.RELEASE.jar:4.3.2.RELEASE]
	at org.springframework.test.context.web.AbstractGenericWebContextLoader.loadContext(AbstractGenericWebContextLoader.java:61) ~[spring-test-4.3.2.RELEASE.jar:4.3.2.RELEASE]
	at org.springframework.test.context.support.AbstractDelegatingSmartContextLoader.delegateLoading(AbstractDelegatingSmartContextLoader.java:108) ~[spring-test-4.3.2.RELEASE.jar:4.3.2.RELEASE]
	at org.springframework.test.context.support.AbstractDelegatingSmartContextLoader.loadContext(AbstractDelegatingSmartContextLoader.java:251) ~[spring-test-4.3.2.RELEASE.jar:4.3.2.RELEASE]
	at org.springframework.test.context.cache.DefaultCacheAwareContextLoaderDelegate.loadContextInternal(DefaultCacheAwareContextLoaderDelegate.java:98) ~[spring-test-4.3.2.RELEASE.jar:4.3.2.RELEASE]
	at org.springframework.test.context.cache.DefaultCacheAwareContextLoaderDelegate.loadContext(DefaultCacheAwareContextLoaderDelegate.java:116) ~[spring-test-4.3.2.RELEASE.jar:4.3.2.RELEASE]
	... 29 more
Caused by: java.lang.IllegalArgumentException: Invalid token character '/' in token "application/json;charset=UTF-8"
	at org.springframework.util.MimeType.checkToken(MimeType.java:199) ~[spring-core-4.3.2.RELEASE.jar:4.3.2.RELEASE]
	at org.springframework.util.MimeType.<init>(MimeType.java:170) ~[spring-core-4.3.2.RELEASE.jar:4.3.2.RELEASE]
	at org.springframework.util.MimeType.<init>(MimeType.java:123) ~[spring-core-4.3.2.RELEASE.jar:4.3.2.RELEASE]
	at org.springframework.util.MimeType.<init>(MimeType.java:112) ~[spring-core-4.3.2.RELEASE.jar:4.3.2.RELEASE]
	at org.springframework.http.MediaType.<init>(MediaType.java:256) ~[spring-web-4.3.2.RELEASE.jar:4.3.2.RELEASE]
	at com.hongyan.learn.config.MvcConfig.requestMappingHandlerAdapter(MvcConfig.java:37) ~[classes/:?]
	at com.hongyan.learn.config.MvcConfig$$EnhancerBySpringCGLIB$$17a2bb2e.CGLIB$requestMappingHandlerAdapter$0(<generated>) ~[classes/:?]
	at com.hongyan.learn.config.MvcConfig$$EnhancerBySpringCGLIB$$17a2bb2e$$FastClassBySpringCGLIB$$afce27f4.invoke(<generated>) ~[classes/:?]
	at org.springframework.cglib.proxy.MethodProxy.invokeSuper(MethodProxy.java:228) ~[spring-core-4.3.2.RELEASE.jar:4.3.2.RELEASE]
	at org.springframework.context.annotation.ConfigurationClassEnhancer$BeanMethodInterceptor.intercept(ConfigurationClassEnhancer.java:356) ~[spring-context-4.3.2.RELEASE.jar:4.3.2.RELEASE]
	at com.hongyan.learn.config.MvcConfig$$EnhancerBySpringCGLIB$$17a2bb2e.requestMappingHandlerAdapter(<generated>) ~[classes/:?]
	at sun.reflect.NativeMethodAccessorImpl.invoke0(Native Method) ~[?:1.8.0_102]
	at sun.reflect.NativeMethodAccessorImpl.invoke(NativeMethodAccessorImpl.java:62) ~[?:1.8.0_102]
	at sun.reflect.DelegatingMethodAccessorImpl.invoke(DelegatingMethodAccessorImpl.java:43) ~[?:1.8.0_102]
	at java.lang.reflect.Method.invoke(Method.java:498) ~[?:1.8.0_102]
	at org.springframework.beans.factory.support.SimpleInstantiationStrategy.instantiate(SimpleInstantiationStrategy.java:162) ~[spring-beans-4.3.2.RELEASE.jar:4.3.2.RELEASE]
	at org.springframework.beans.factory.support.ConstructorResolver.instantiateUsingFactoryMethod(ConstructorResolver.java:588) ~[spring-beans-4.3.2.RELEASE.jar:4.3.2.RELEASE]
	at org.springframework.beans.factory.support.AbstractAutowireCapableBeanFactory.instantiateUsingFactoryMethod(AbstractAutowireCapableBeanFactory.java:1123) ~[spring-beans-4.3.2.RELEASE.jar:4.3.2.RELEASE]
	at org.springframework.beans.factory.support.AbstractAutowireCapableBeanFactory.createBeanInstance(AbstractAutowireCapableBeanFactory.java:1018) ~[spring-beans-4.3.2.RELEASE.jar:4.3.2.RELEASE]
	at org.springframework.beans.factory.support.AbstractAutowireCapableBeanFactory.doCreateBean(AbstractAutowireCapableBeanFactory.java:510) ~[spring-beans-4.3.2.RELEASE.jar:4.3.2.RELEASE]
	at org.springframework.beans.factory.support.AbstractAutowireCapableBeanFactory.createBean(AbstractAutowireCapableBeanFactory.java:482) ~[spring-beans-4.3.2.RELEASE.jar:4.3.2.RELEASE]
	at org.springframework.beans.factory.support.AbstractBeanFactory$1.getObject(AbstractBeanFactory.java:306) ~[spring-beans-4.3.2.RELEASE.jar:4.3.2.RELEASE]
	at org.springframework.beans.factory.support.DefaultSingletonBeanRegistry.getSingleton(DefaultSingletonBeanRegistry.java:230) ~[spring-beans-4.3.2.RELEASE.jar:4.3.2.RELEASE]
	at org.springframework.beans.factory.support.AbstractBeanFactory.doGetBean(AbstractBeanFactory.java:302) ~[spring-beans-4.3.2.RELEASE.jar:4.3.2.RELEASE]
	at org.springframework.beans.factory.support.AbstractBeanFactory.getBean(AbstractBeanFactory.java:197) ~[spring-beans-4.3.2.RELEASE.jar:4.3.2.RELEASE]
	at org.springframework.context.annotation.ConfigurationClassEnhancer$BeanMethodInterceptor.intercept(ConfigurationClassEnhancer.java:381) ~[spring-context-4.3.2.RELEASE.jar:4.3.2.RELEASE]
	at org.springframework.web.servlet.config.annotation.DelegatingWebMvcConfiguration$$EnhancerBySpringCGLIB$$31328430.requestMappingHandlerAdapter(<generated>) ~[spring-webmvc-4.3.2.RELEASE.jar:4.3.2.RELEASE]
	at org.springframework.web.servlet.config.annotation.WebMvcConfigurationSupport.mvcUriComponentsContributor(WebMvcConfigurationSupport.java:785) ~[spring-webmvc-4.3.2.RELEASE.jar:4.3.2.RELEASE]
	at org.springframework.web.servlet.config.annotation.DelegatingWebMvcConfiguration$$EnhancerBySpringCGLIB$$31328430.CGLIB$mvcUriComponentsContributor$37(<generated>) ~[spring-webmvc-4.3.2.RELEASE.jar:4.3.2.RELEASE]
	at org.springframework.web.servlet.config.annotation.DelegatingWebMvcConfiguration$$EnhancerBySpringCGLIB$$31328430$$FastClassBySpringCGLIB$$d23b62be.invoke(<generated>) ~[spring-webmvc-4.3.2.RELEASE.jar:4.3.2.RELEASE]
	at org.springframework.cglib.proxy.MethodProxy.invokeSuper(MethodProxy.java:228) ~[spring-core-4.3.2.RELEASE.jar:4.3.2.RELEASE]
	at org.springframework.context.annotation.ConfigurationClassEnhancer$BeanMethodInterceptor.intercept(ConfigurationClassEnhancer.java:356) ~[spring-context-4.3.2.RELEASE.jar:4.3.2.RELEASE]
	at org.springframework.web.servlet.config.annotation.DelegatingWebMvcConfiguration$$EnhancerBySpringCGLIB$$31328430.mvcUriComponentsContributor(<generated>) ~[spring-webmvc-4.3.2.RELEASE.jar:4.3.2.RELEASE]
	at sun.reflect.NativeMethodAccessorImpl.invoke0(Native Method) ~[?:1.8.0_102]
	at sun.reflect.NativeMethodAccessorImpl.invoke(NativeMethodAccessorImpl.java:62) ~[?:1.8.0_102]
	at sun.reflect.DelegatingMethodAccessorImpl.invoke(DelegatingMethodAccessorImpl.java:43) ~[?:1.8.0_102]
	at java.lang.reflect.Method.invoke(Method.java:498) ~[?:1.8.0_102]
	at org.springframework.beans.factory.support.SimpleInstantiationStrategy.instantiate(SimpleInstantiationStrategy.java:162) ~[spring-beans-4.3.2.RELEASE.jar:4.3.2.RELEASE]
	at org.springframework.beans.factory.support.ConstructorResolver.instantiateUsingFactoryMethod(ConstructorResolver.java:588) ~[spring-beans-4.3.2.RELEASE.jar:4.3.2.RELEASE]
	at org.springframework.beans.factory.support.AbstractAutowireCapableBeanFactory.instantiateUsingFactoryMethod(AbstractAutowireCapableBeanFactory.java:1123) ~[spring-beans-4.3.2.RELEASE.jar:4.3.2.RELEASE]
	at org.springframework.beans.factory.support.AbstractAutowireCapableBeanFactory.createBeanInstance(AbstractAutowireCapableBeanFactory.java:1018) ~[spring-beans-4.3.2.RELEASE.jar:4.3.2.RELEASE]
	at org.springframework.beans.factory.support.AbstractAutowireCapableBeanFactory.doCreateBean(AbstractAutowireCapableBeanFactory.java:510) ~[spring-beans-4.3.2.RELEASE.jar:4.3.2.RELEASE]
	at org.springframework.beans.factory.support.AbstractAutowireCapableBeanFactory.createBean(AbstractAutowireCapableBeanFactory.java:482) ~[spring-beans-4.3.2.RELEASE.jar:4.3.2.RELEASE]
	at org.springframework.beans.factory.support.AbstractBeanFactory$1.getObject(AbstractBeanFactory.java:306) ~[spring-beans-4.3.2.RELEASE.jar:4.3.2.RELEASE]
	at org.springframework.beans.factory.support.DefaultSingletonBeanRegistry.getSingleton(DefaultSingletonBeanRegistry.java:230) ~[spring-beans-4.3.2.RELEASE.jar:4.3.2.RELEASE]
	at org.springframework.beans.factory.support.AbstractBeanFactory.doGetBean(AbstractBeanFactory.java:302) ~[spring-beans-4.3.2.RELEASE.jar:4.3.2.RELEASE]
	at org.springframework.beans.factory.support.AbstractBeanFactory.getBean(AbstractBeanFactory.java:197) ~[spring-beans-4.3.2.RELEASE.jar:4.3.2.RELEASE]
	at org.springframework.beans.factory.support.DefaultListableBeanFactory.preInstantiateSingletons(DefaultListableBeanFactory.java:776) ~[spring-beans-4.3.2.RELEASE.jar:4.3.2.RELEASE]
	at org.springframework.context.support.AbstractApplicationContext.finishBeanFactoryInitialization(AbstractApplicationContext.java:861) ~[spring-context-4.3.2.RELEASE.jar:4.3.2.RELEASE]
	at org.springframework.context.support.AbstractApplicationContext.refresh(AbstractApplicationContext.java:541) ~[spring-context-4.3.2.RELEASE.jar:4.3.2.RELEASE]
	at org.springframework.test.context.web.AbstractGenericWebContextLoader.loadContext(AbstractGenericWebContextLoader.java:134) ~[spring-test-4.3.2.RELEASE.jar:4.3.2.RELEASE]
	at org.springframework.test.context.web.AbstractGenericWebContextLoader.loadContext(AbstractGenericWebContextLoader.java:61) ~[spring-test-4.3.2.RELEASE.jar:4.3.2.RELEASE]
	at org.springframework.test.context.support.AbstractDelegatingSmartContextLoader.delegateLoading(AbstractDelegatingSmartContextLoader.java:108) ~[spring-test-4.3.2.RELEASE.jar:4.3.2.RELEASE]
	at org.springframework.test.context.support.AbstractDelegatingSmartContextLoader.loadContext(AbstractDelegatingSmartContextLoader.java:251) ~[spring-test-4.3.2.RELEASE.jar:4.3.2.RELEASE]
	at org.springframework.test.context.cache.DefaultCacheAwareContextLoaderDelegate.loadContextInternal(DefaultCacheAwareContextLoaderDelegate.java:98) ~[spring-test-4.3.2.RELEASE.jar:4.3.2.RELEASE]
	at org.springframework.test.context.cache.DefaultCacheAwareContextLoaderDelegate.loadContext(DefaultCacheAwareContextLoaderDelegate.java:116) ~[spring-test-4.3.2.RELEASE.jar:4.3.2.RELEASE]
	... 29 more
