2016-08-30 19:56:16.714  INFO main DefaultTestContextBootstrapper:260 - Loaded default TestExecutionListener class names from location [META-INF/spring.factories]: [org.springframework.test.context.web.ServletTestExecutionListener, org.springframework.test.context.support.DirtiesContextBeforeModesTestExecutionListener, org.springframework.test.context.support.DependencyInjectionTestExecutionListener, org.springframework.test.context.support.DirtiesContextTestExecutionListener, org.springframework.test.context.transaction.TransactionalTestExecutionListener, org.springframework.test.context.jdbc.SqlScriptsTestExecutionListener]
					
2016-08-30 19:56:16.733  INFO main DefaultTestContextBootstrapper:187 - Using TestExecutionListeners: [org.springframework.test.context.web.ServletTestExecutionListener@3f197a46, org.springframework.test.context.support.DirtiesContextBeforeModesTestExecutionListener@636be97c, org.springframework.test.context.support.DependencyInjectionTestExecutionListener@50a638b5, org.springframework.test.context.support.DirtiesContextTestExecutionListener@1817d444, org.springframework.test.context.transaction.TransactionalTestExecutionListener@6ca8564a, org.springframework.test.context.jdbc.SqlScriptsTestExecutionListener@50b472aa]
					
2016-08-30 19:56:16.885  INFO main XmlBeanDefinitionReader:317 - Loading XML bean definitions from class path resource [application-context.xml]
					
2016-08-30 19:56:16.887 ERROR main TestContextManager:234 - Caught exception while allowing TestExecutionListener [org.springframework.test.context.support.DependencyInjectionTestExecutionListener@50a638b5] to prepare test instance [com.hongyan.learn.test.util.RedisTemplateTest@192c3f1e]
					
java.lang.IllegalStateException: Failed to load ApplicationContext
	at org.springframework.test.context.cache.DefaultCacheAwareContextLoaderDelegate.loadContext(DefaultCacheAwareContextLoaderDelegate.java:124) ~[spring-test-4.3.2.RELEASE.jar:4.3.2.RELEASE]
	at org.springframework.test.context.support.DefaultTestContext.getApplicationContext(DefaultTestContext.java:83) ~[spring-test-4.3.2.RELEASE.jar:4.3.2.RELEASE]
	at org.springframework.test.context.support.DependencyInjectionTestExecutionListener.injectDependencies(DependencyInjectionTestExecutionListener.java:117) ~[spring-test-4.3.2.RELEASE.jar:4.3.2.RELEASE]
	at org.springframework.test.context.support.DependencyInjectionTestExecutionListener.prepareTestInstance(DependencyInjectionTestExecutionListener.java:83) ~[spring-test-4.3.2.RELEASE.jar:4.3.2.RELEASE]
	at org.springframework.test.context.TestContextManager.prepareTestInstance(TestContextManager.java:230) ~[spring-test-4.3.2.RELEASE.jar:4.3.2.RELEASE]
	at org.springframework.test.context.junit4.SpringJUnit4ClassRunner.createTest(SpringJUnit4ClassRunner.java:228) ~[spring-test-4.3.2.RELEASE.jar:4.3.2.RELEASE]
	at org.springframework.test.context.junit4.SpringJUnit4ClassRunner$1.runReflectiveCall(SpringJUnit4ClassRunner.java:287) ~[spring-test-4.3.2.RELEASE.jar:4.3.2.RELEASE]
	at org.junit.internal.runners.model.ReflectiveCallable.run(ReflectiveCallable.java:12) ~[junit-4.12.jar:4.12]
	at org.springframework.test.context.junit4.SpringJUnit4ClassRunner.methodBlock(SpringJUnit4ClassRunner.java:289) ~[spring-test-4.3.2.RELEASE.jar:4.3.2.RELEASE]
	at org.springframework.test.context.junit4.SpringJUnit4ClassRunner.runChild(SpringJUnit4ClassRunner.java:247) ~[spring-test-4.3.2.RELEASE.jar:4.3.2.RELEASE]
	at org.springframework.test.context.junit4.SpringJUnit4ClassRunner.runChild(SpringJUnit4ClassRunner.java:94) ~[spring-test-4.3.2.RELEASE.jar:4.3.2.RELEASE]
	at org.junit.runners.ParentRunner$3.run(ParentRunner.java:290) ~[junit-4.12.jar:4.12]
	at org.junit.runners.ParentRunner$1.schedule(ParentRunner.java:71) ~[junit-4.12.jar:4.12]
	at org.junit.runners.ParentRunner.runChildren(ParentRunner.java:288) ~[junit-4.12.jar:4.12]
	at org.junit.runners.ParentRunner.access$000(ParentRunner.java:58) ~[junit-4.12.jar:4.12]
	at org.junit.runners.ParentRunner$2.evaluate(ParentRunner.java:268) ~[junit-4.12.jar:4.12]
	at org.springframework.test.context.junit4.statements.RunBeforeTestClassCallbacks.evaluate(RunBeforeTestClassCallbacks.java:61) ~[spring-test-4.3.2.RELEASE.jar:4.3.2.RELEASE]
	at org.springframework.test.context.junit4.statements.RunAfterTestClassCallbacks.evaluate(RunAfterTestClassCallbacks.java:70) ~[spring-test-4.3.2.RELEASE.jar:4.3.2.RELEASE]
	at org.junit.runners.ParentRunner.run(ParentRunner.java:363) ~[junit-4.12.jar:4.12]
	at org.springframework.test.context.junit4.SpringJUnit4ClassRunner.run(SpringJUnit4ClassRunner.java:191) ~[spring-test-4.3.2.RELEASE.jar:4.3.2.RELEASE]
	at org.eclipse.jdt.internal.junit4.runner.JUnit4TestReference.run(JUnit4TestReference.java:86) ~[.cp/:?]
	at org.eclipse.jdt.internal.junit.runner.TestExecution.run(TestExecution.java:38) ~[.cp/:?]
	at org.eclipse.jdt.internal.junit.runner.RemoteTestRunner.runTests(RemoteTestRunner.java:459) ~[.cp/:?]
	at org.eclipse.jdt.internal.junit.runner.RemoteTestRunner.runTests(RemoteTestRunner.java:678) ~[.cp/:?]
	at org.eclipse.jdt.internal.junit.runner.RemoteTestRunner.run(RemoteTestRunner.java:382) ~[.cp/:?]
	at org.eclipse.jdt.internal.junit.runner.RemoteTestRunner.main(RemoteTestRunner.java:192) ~[.cp/:?]
Caused by: org.springframework.beans.factory.BeanDefinitionStoreException: IOException parsing XML document from class path resource [application-context.xml]; nested exception is java.io.FileNotFoundException: class path resource [application-context.xml] cannot be opened because it does not exist
	at org.springframework.beans.factory.xml.XmlBeanDefinitionReader.loadBeanDefinitions(XmlBeanDefinitionReader.java:344) ~[spring-beans-4.3.2.RELEASE.jar:4.3.2.RELEASE]
	at org.springframework.beans.factory.xml.XmlBeanDefinitionReader.loadBeanDefinitions(XmlBeanDefinitionReader.java:304) ~[spring-beans-4.3.2.RELEASE.jar:4.3.2.RELEASE]
	at org.springframework.beans.factory.support.AbstractBeanDefinitionReader.loadBeanDefinitions(AbstractBeanDefinitionReader.java:181) ~[spring-beans-4.3.2.RELEASE.jar:4.3.2.RELEASE]
	at org.springframework.beans.factory.support.AbstractBeanDefinitionReader.loadBeanDefinitions(AbstractBeanDefinitionReader.java:217) ~[spring-beans-4.3.2.RELEASE.jar:4.3.2.RELEASE]
	at org.springframework.beans.factory.support.AbstractBeanDefinitionReader.loadBeanDefinitions(AbstractBeanDefinitionReader.java:188) ~[spring-beans-4.3.2.RELEASE.jar:4.3.2.RELEASE]
	at org.springframework.beans.factory.support.AbstractBeanDefinitionReader.loadBeanDefinitions(AbstractBeanDefinitionReader.java:252) ~[spring-beans-4.3.2.RELEASE.jar:4.3.2.RELEASE]
	at org.springframework.test.context.support.AbstractGenericContextLoader.loadBeanDefinitions(AbstractGenericContextLoader.java:257) ~[spring-test-4.3.2.RELEASE.jar:4.3.2.RELEASE]
	at org.springframework.test.context.support.AbstractGenericContextLoader.loadContext(AbstractGenericContextLoader.java:124) ~[spring-test-4.3.2.RELEASE.jar:4.3.2.RELEASE]
	at org.springframework.test.context.support.AbstractGenericContextLoader.loadContext(AbstractGenericContextLoader.java:60) ~[spring-test-4.3.2.RELEASE.jar:4.3.2.RELEASE]
	at org.springframework.test.context.support.AbstractDelegatingSmartContextLoader.delegateLoading(AbstractDelegatingSmartContextLoader.java:108) ~[spring-test-4.3.2.RELEASE.jar:4.3.2.RELEASE]
	at org.springframework.test.context.support.AbstractDelegatingSmartContextLoader.loadContext(AbstractDelegatingSmartContextLoader.java:251) ~[spring-test-4.3.2.RELEASE.jar:4.3.2.RELEASE]
	at org.springframework.test.context.cache.DefaultCacheAwareContextLoaderDelegate.loadContextInternal(DefaultCacheAwareContextLoaderDelegate.java:98) ~[spring-test-4.3.2.RELEASE.jar:4.3.2.RELEASE]
	at org.springframework.test.context.cache.DefaultCacheAwareContextLoaderDelegate.loadContext(DefaultCacheAwareContextLoaderDelegate.java:116) ~[spring-test-4.3.2.RELEASE.jar:4.3.2.RELEASE]
	... 25 more
Caused by: java.io.FileNotFoundException: class path resource [application-context.xml] cannot be opened because it does not exist
	at org.springframework.core.io.ClassPathResource.getInputStream(ClassPathResource.java:172) ~[spring-core-4.3.2.RELEASE.jar:4.3.2.RELEASE]
	at org.springframework.beans.factory.xml.XmlBeanDefinitionReader.loadBeanDefinitions(XmlBeanDefinitionReader.java:330) ~[spring-beans-4.3.2.RELEASE.jar:4.3.2.RELEASE]
	at org.springframework.beans.factory.xml.XmlBeanDefinitionReader.loadBeanDefinitions(XmlBeanDefinitionReader.java:304) ~[spring-beans-4.3.2.RELEASE.jar:4.3.2.RELEASE]
	at org.springframework.beans.factory.support.AbstractBeanDefinitionReader.loadBeanDefinitions(AbstractBeanDefinitionReader.java:181) ~[spring-beans-4.3.2.RELEASE.jar:4.3.2.RELEASE]
	at org.springframework.beans.factory.support.AbstractBeanDefinitionReader.loadBeanDefinitions(AbstractBeanDefinitionReader.java:217) ~[spring-beans-4.3.2.RELEASE.jar:4.3.2.RELEASE]
	at org.springframework.beans.factory.support.AbstractBeanDefinitionReader.loadBeanDefinitions(AbstractBeanDefinitionReader.java:188) ~[spring-beans-4.3.2.RELEASE.jar:4.3.2.RELEASE]
	at org.springframework.beans.factory.support.AbstractBeanDefinitionReader.loadBeanDefinitions(AbstractBeanDefinitionReader.java:252) ~[spring-beans-4.3.2.RELEASE.jar:4.3.2.RELEASE]
	at org.springframework.test.context.support.AbstractGenericContextLoader.loadBeanDefinitions(AbstractGenericContextLoader.java:257) ~[spring-test-4.3.2.RELEASE.jar:4.3.2.RELEASE]
	at org.springframework.test.context.support.AbstractGenericContextLoader.loadContext(AbstractGenericContextLoader.java:124) ~[spring-test-4.3.2.RELEASE.jar:4.3.2.RELEASE]
	at org.springframework.test.context.support.AbstractGenericContextLoader.loadContext(AbstractGenericContextLoader.java:60) ~[spring-test-4.3.2.RELEASE.jar:4.3.2.RELEASE]
	at org.springframework.test.context.support.AbstractDelegatingSmartContextLoader.delegateLoading(AbstractDelegatingSmartContextLoader.java:108) ~[spring-test-4.3.2.RELEASE.jar:4.3.2.RELEASE]
	at org.springframework.test.context.support.AbstractDelegatingSmartContextLoader.loadContext(AbstractDelegatingSmartContextLoader.java:251) ~[spring-test-4.3.2.RELEASE.jar:4.3.2.RELEASE]
	at org.springframework.test.context.cache.DefaultCacheAwareContextLoaderDelegate.loadContextInternal(DefaultCacheAwareContextLoaderDelegate.java:98) ~[spring-test-4.3.2.RELEASE.jar:4.3.2.RELEASE]
	at org.springframework.test.context.cache.DefaultCacheAwareContextLoaderDelegate.loadContext(DefaultCacheAwareContextLoaderDelegate.java:116) ~[spring-test-4.3.2.RELEASE.jar:4.3.2.RELEASE]
	... 25 more
2016-08-30 19:56:58.027  INFO main DefaultTestContextBootstrapper:260 - Loaded default TestExecutionListener class names from location [META-INF/spring.factories]: [org.springframework.test.context.web.ServletTestExecutionListener, org.springframework.test.context.support.DirtiesContextBeforeModesTestExecutionListener, org.springframework.test.context.support.DependencyInjectionTestExecutionListener, org.springframework.test.context.support.DirtiesContextTestExecutionListener, org.springframework.test.context.transaction.TransactionalTestExecutionListener, org.springframework.test.context.jdbc.SqlScriptsTestExecutionListener]
					
2016-08-30 19:56:58.038  INFO main DefaultTestContextBootstrapper:187 - Using TestExecutionListeners: [org.springframework.test.context.web.ServletTestExecutionListener@3f197a46, org.springframework.test.context.support.DirtiesContextBeforeModesTestExecutionListener@636be97c, org.springframework.test.context.support.DependencyInjectionTestExecutionListener@50a638b5, org.springframework.test.context.support.DirtiesContextTestExecutionListener@1817d444, org.springframework.test.context.transaction.TransactionalTestExecutionListener@6ca8564a, org.springframework.test.context.jdbc.SqlScriptsTestExecutionListener@50b472aa]
					
2016-08-30 19:56:58.144  INFO main XmlBeanDefinitionReader:317 - Loading XML bean definitions from class path resource [application-config.xml]
					
2016-08-30 19:56:58.371  INFO main GenericApplicationContext:581 - Refreshing org.springframework.context.support.GenericApplicationContext@359f7cdf: startup date [Tue Aug 30 19:56:58 CST 2016]; root of context hierarchy
					
2016-08-30 19:56:58.532  INFO main PropertySourcesPlaceholderConfigurer:172 - Loading properties file from class path resource [redis.properties]
					
2016-08-30 19:56:58.631  INFO main EmbeddedDatabaseFactory:185 - Starting embedded database: url='jdbc:h2:mem:dataSource;DB_CLOSE_DELAY=-1;DB_CLOSE_ON_EXIT=false', username='sa'
					
2016-08-30 19:56:58.762  INFO main ScriptUtils:444 - Executing SQL script from class path resource [database/hongyan-learn.sql]
					
2016-08-30 19:56:58.860  INFO main ScriptUtils:510 - Executed SQL script from class path resource [database/hongyan-learn.sql] in 97 ms.
					
2016-08-30 19:56:59.124  INFO main RequestMappingHandlerAdapter:534 - Looking for @ControllerAdvice: org.springframework.context.support.GenericApplicationContext@359f7cdf: startup date [Tue Aug 30 19:56:58 CST 2016]; root of context hierarchy
					
2016-08-30 19:56:59.320  INFO Thread-3 GenericApplicationContext:982 - Closing org.springframework.context.support.GenericApplicationContext@359f7cdf: startup date [Tue Aug 30 19:56:58 CST 2016]; root of context hierarchy
					
2016-08-30 19:56:59.322  INFO Thread-3 EmbeddedDatabaseFactory:217 - Shutting down embedded database: url='jdbc:h2:mem:dataSource;DB_CLOSE_DELAY=-1;DB_CLOSE_ON_EXIT=false'
					
2016-08-30 20:03:47.602  INFO main DefaultTestContextBootstrapper:260 - Loaded default TestExecutionListener class names from location [META-INF/spring.factories]: [org.springframework.test.context.web.ServletTestExecutionListener, org.springframework.test.context.support.DirtiesContextBeforeModesTestExecutionListener, org.springframework.test.context.support.DependencyInjectionTestExecutionListener, org.springframework.test.context.support.DirtiesContextTestExecutionListener, org.springframework.test.context.transaction.TransactionalTestExecutionListener, org.springframework.test.context.jdbc.SqlScriptsTestExecutionListener]
					
2016-08-30 20:03:47.614  INFO main DefaultTestContextBootstrapper:187 - Using TestExecutionListeners: [org.springframework.test.context.web.ServletTestExecutionListener@6adbc9d, org.springframework.test.context.support.DirtiesContextBeforeModesTestExecutionListener@4550bb58, org.springframework.test.context.support.DependencyInjectionTestExecutionListener@4ec4f3a0, org.springframework.test.context.support.DirtiesContextTestExecutionListener@223191a6, org.springframework.test.context.transaction.TransactionalTestExecutionListener@49139829, org.springframework.test.context.jdbc.SqlScriptsTestExecutionListener@9597028]
					
2016-08-30 20:03:47.697  INFO main XmlBeanDefinitionReader:317 - Loading XML bean definitions from class path resource [application-config.xml]
					
2016-08-30 20:03:47.935  INFO main GenericApplicationContext:581 - Refreshing org.springframework.context.support.GenericApplicationContext@618b19ad: startup date [Tue Aug 30 20:03:47 CST 2016]; root of context hierarchy
					
2016-08-30 20:03:48.075  INFO main PropertySourcesPlaceholderConfigurer:172 - Loading properties file from class path resource [redis.properties]
					
2016-08-30 20:03:48.172  INFO main EmbeddedDatabaseFactory:185 - Starting embedded database: url='jdbc:h2:mem:dataSource;DB_CLOSE_DELAY=-1;DB_CLOSE_ON_EXIT=false', username='sa'
					
2016-08-30 20:03:48.335  INFO main ScriptUtils:444 - Executing SQL script from class path resource [database/hongyan-learn.sql]
					
2016-08-30 20:03:48.429  INFO main ScriptUtils:510 - Executed SQL script from class path resource [database/hongyan-learn.sql] in 94 ms.
					
2016-08-30 20:03:48.676  INFO main RequestMappingHandlerAdapter:534 - Looking for @ControllerAdvice: org.springframework.context.support.GenericApplicationContext@618b19ad: startup date [Tue Aug 30 20:03:47 CST 2016]; root of context hierarchy
					
2016-08-30 20:04:48.243  INFO main DefaultTestContextBootstrapper:260 - Loaded default TestExecutionListener class names from location [META-INF/spring.factories]: [org.springframework.test.context.web.ServletTestExecutionListener, org.springframework.test.context.support.DirtiesContextBeforeModesTestExecutionListener, org.springframework.test.context.support.DependencyInjectionTestExecutionListener, org.springframework.test.context.support.DirtiesContextTestExecutionListener, org.springframework.test.context.transaction.TransactionalTestExecutionListener, org.springframework.test.context.jdbc.SqlScriptsTestExecutionListener]
					
2016-08-30 20:04:48.254  INFO main DefaultTestContextBootstrapper:187 - Using TestExecutionListeners: [org.springframework.test.context.web.ServletTestExecutionListener@6adbc9d, org.springframework.test.context.support.DirtiesContextBeforeModesTestExecutionListener@4550bb58, org.springframework.test.context.support.DependencyInjectionTestExecutionListener@4ec4f3a0, org.springframework.test.context.support.DirtiesContextTestExecutionListener@223191a6, org.springframework.test.context.transaction.TransactionalTestExecutionListener@49139829, org.springframework.test.context.jdbc.SqlScriptsTestExecutionListener@9597028]
					
2016-08-30 20:04:48.336  INFO main XmlBeanDefinitionReader:317 - Loading XML bean definitions from class path resource [application-config.xml]
					
2016-08-30 20:04:48.575  INFO main GenericApplicationContext:581 - Refreshing org.springframework.context.support.GenericApplicationContext@618b19ad: startup date [Tue Aug 30 20:04:48 CST 2016]; root of context hierarchy
					
2016-08-30 20:04:48.725  INFO main PropertySourcesPlaceholderConfigurer:172 - Loading properties file from class path resource [redis.properties]
					
2016-08-30 20:04:48.817  INFO main EmbeddedDatabaseFactory:185 - Starting embedded database: url='jdbc:h2:mem:dataSource;DB_CLOSE_DELAY=-1;DB_CLOSE_ON_EXIT=false', username='sa'
					
2016-08-30 20:04:48.943  INFO main ScriptUtils:444 - Executing SQL script from class path resource [database/hongyan-learn.sql]
					
2016-08-30 20:04:49.031  INFO main ScriptUtils:510 - Executed SQL script from class path resource [database/hongyan-learn.sql] in 88 ms.
					
2016-08-30 20:04:49.281  INFO main RequestMappingHandlerAdapter:534 - Looking for @ControllerAdvice: org.springframework.context.support.GenericApplicationContext@618b19ad: startup date [Tue Aug 30 20:04:48 CST 2016]; root of context hierarchy
					
2016-08-30 20:10:53.712  INFO main DefaultTestContextBootstrapper:260 - Loaded default TestExecutionListener class names from location [META-INF/spring.factories]: [org.springframework.test.context.web.ServletTestExecutionListener, org.springframework.test.context.support.DirtiesContextBeforeModesTestExecutionListener, org.springframework.test.context.support.DependencyInjectionTestExecutionListener, org.springframework.test.context.support.DirtiesContextTestExecutionListener, org.springframework.test.context.transaction.TransactionalTestExecutionListener, org.springframework.test.context.jdbc.SqlScriptsTestExecutionListener]
					
2016-08-30 20:10:53.731  INFO main DefaultTestContextBootstrapper:187 - Using TestExecutionListeners: [org.springframework.test.context.web.ServletTestExecutionListener@72967906, org.springframework.test.context.support.DirtiesContextBeforeModesTestExecutionListener@5b8dfcc1, org.springframework.test.context.support.DependencyInjectionTestExecutionListener@2f9f7dcf, org.springframework.test.context.support.DirtiesContextTestExecutionListener@747ddf94, org.springframework.test.context.transaction.TransactionalTestExecutionListener@35e2d654, org.springframework.test.context.jdbc.SqlScriptsTestExecutionListener@1bd4fdd]
					
2016-08-30 20:10:53.837  INFO main XmlBeanDefinitionReader:317 - Loading XML bean definitions from class path resource [application-config.xml]
					
2016-08-30 20:10:54.098  INFO main GenericApplicationContext:581 - Refreshing org.springframework.context.support.GenericApplicationContext@62379589: startup date [Tue Aug 30 20:10:54 CST 2016]; root of context hierarchy
					
2016-08-30 20:10:54.268  INFO main PropertySourcesPlaceholderConfigurer:172 - Loading properties file from class path resource [redis.properties]
					
2016-08-30 20:10:54.365  INFO main EmbeddedDatabaseFactory:185 - Starting embedded database: url='jdbc:h2:mem:dataSource;DB_CLOSE_DELAY=-1;DB_CLOSE_ON_EXIT=false', username='sa'
					
2016-08-30 20:10:54.538  INFO main ScriptUtils:444 - Executing SQL script from class path resource [database/hongyan-learn.sql]
					
2016-08-30 20:10:54.628  INFO main ScriptUtils:510 - Executed SQL script from class path resource [database/hongyan-learn.sql] in 90 ms.
					
2016-08-30 20:10:54.949  INFO main RequestMappingHandlerAdapter:534 - Looking for @ControllerAdvice: org.springframework.context.support.GenericApplicationContext@62379589: startup date [Tue Aug 30 20:10:54 CST 2016]; root of context hierarchy
					
2016-08-30 20:10:55.166  INFO Thread-3 GenericApplicationContext:982 - Closing org.springframework.context.support.GenericApplicationContext@62379589: startup date [Tue Aug 30 20:10:54 CST 2016]; root of context hierarchy
					
2016-08-30 20:10:55.167  INFO Thread-3 EmbeddedDatabaseFactory:217 - Shutting down embedded database: url='jdbc:h2:mem:dataSource;DB_CLOSE_DELAY=-1;DB_CLOSE_ON_EXIT=false'
					
2016-08-30 20:20:56.264  INFO main DefaultTestContextBootstrapper:260 - Loaded default TestExecutionListener class names from location [META-INF/spring.factories]: [org.springframework.test.context.web.ServletTestExecutionListener, org.springframework.test.context.support.DirtiesContextBeforeModesTestExecutionListener, org.springframework.test.context.support.DependencyInjectionTestExecutionListener, org.springframework.test.context.support.DirtiesContextTestExecutionListener, org.springframework.test.context.transaction.TransactionalTestExecutionListener, org.springframework.test.context.jdbc.SqlScriptsTestExecutionListener]
					
2016-08-30 20:20:56.286  INFO main DefaultTestContextBootstrapper:187 - Using TestExecutionListeners: [org.springframework.test.context.web.ServletTestExecutionListener@2c767a52, org.springframework.test.context.support.DirtiesContextBeforeModesTestExecutionListener@619713e5, org.springframework.test.context.support.DependencyInjectionTestExecutionListener@708f5957, org.springframework.test.context.support.DirtiesContextTestExecutionListener@68999068, org.springframework.test.context.transaction.TransactionalTestExecutionListener@7722c3c3, org.springframework.test.context.jdbc.SqlScriptsTestExecutionListener@2ef3eef9]
					
2016-08-30 20:20:56.405  INFO main XmlBeanDefinitionReader:317 - Loading XML bean definitions from class path resource [application-config.xml]
					
2016-08-30 20:20:56.674  INFO main GenericApplicationContext:581 - Refreshing org.springframework.context.support.GenericApplicationContext@5c5eefef: startup date [Tue Aug 30 20:20:56 CST 2016]; root of context hierarchy
					
2016-08-30 20:20:56.841  INFO main PropertySourcesPlaceholderConfigurer:172 - Loading properties file from class path resource [redis.properties]
					
2016-08-30 20:20:56.973  INFO main EmbeddedDatabaseFactory:185 - Starting embedded database: url='jdbc:h2:mem:dataSource;DB_CLOSE_DELAY=-1;DB_CLOSE_ON_EXIT=false', username='sa'
					
2016-08-30 20:20:57.117  INFO main ScriptUtils:444 - Executing SQL script from class path resource [database/hongyan-learn.sql]
					
2016-08-30 20:20:57.237  INFO main ScriptUtils:510 - Executed SQL script from class path resource [database/hongyan-learn.sql] in 120 ms.
					
2016-08-30 20:20:57.567  INFO main RequestMappingHandlerAdapter:534 - Looking for @ControllerAdvice: org.springframework.context.support.GenericApplicationContext@5c5eefef: startup date [Tue Aug 30 20:20:56 CST 2016]; root of context hierarchy
					
2016-08-30 20:20:57.920  INFO Thread-3 GenericApplicationContext:982 - Closing org.springframework.context.support.GenericApplicationContext@5c5eefef: startup date [Tue Aug 30 20:20:56 CST 2016]; root of context hierarchy
					
2016-08-30 20:20:57.927  INFO Thread-3 EmbeddedDatabaseFactory:217 - Shutting down embedded database: url='jdbc:h2:mem:dataSource;DB_CLOSE_DELAY=-1;DB_CLOSE_ON_EXIT=false'
					
2016-08-30 20:21:52.766  INFO main DefaultTestContextBootstrapper:260 - Loaded default TestExecutionListener class names from location [META-INF/spring.factories]: [org.springframework.test.context.web.ServletTestExecutionListener, org.springframework.test.context.support.DirtiesContextBeforeModesTestExecutionListener, org.springframework.test.context.support.DependencyInjectionTestExecutionListener, org.springframework.test.context.support.DirtiesContextTestExecutionListener, org.springframework.test.context.transaction.TransactionalTestExecutionListener, org.springframework.test.context.jdbc.SqlScriptsTestExecutionListener]
					
2016-08-30 20:21:52.780  INFO main DefaultTestContextBootstrapper:187 - Using TestExecutionListeners: [org.springframework.test.context.web.ServletTestExecutionListener@2c767a52, org.springframework.test.context.support.DirtiesContextBeforeModesTestExecutionListener@619713e5, org.springframework.test.context.support.DependencyInjectionTestExecutionListener@708f5957, org.springframework.test.context.support.DirtiesContextTestExecutionListener@68999068, org.springframework.test.context.transaction.TransactionalTestExecutionListener@7722c3c3, org.springframework.test.context.jdbc.SqlScriptsTestExecutionListener@2ef3eef9]
					
2016-08-30 20:21:52.953  INFO main XmlBeanDefinitionReader:317 - Loading XML bean definitions from class path resource [application-config.xml]
					
2016-08-30 20:21:53.246  INFO main GenericApplicationContext:581 - Refreshing org.springframework.context.support.GenericApplicationContext@5c5eefef: startup date [Tue Aug 30 20:21:53 CST 2016]; root of context hierarchy
					
2016-08-30 20:21:53.388  INFO main PropertySourcesPlaceholderConfigurer:172 - Loading properties file from class path resource [redis.properties]
					
2016-08-30 20:21:53.495  INFO main EmbeddedDatabaseFactory:185 - Starting embedded database: url='jdbc:h2:mem:dataSource;DB_CLOSE_DELAY=-1;DB_CLOSE_ON_EXIT=false', username='sa'
					
2016-08-30 20:21:53.631  INFO main ScriptUtils:444 - Executing SQL script from class path resource [database/hongyan-learn.sql]
					
2016-08-30 20:21:53.726  INFO main ScriptUtils:510 - Executed SQL script from class path resource [database/hongyan-learn.sql] in 95 ms.
					
2016-08-30 20:21:53.984  INFO main RequestMappingHandlerAdapter:534 - Looking for @ControllerAdvice: org.springframework.context.support.GenericApplicationContext@5c5eefef: startup date [Tue Aug 30 20:21:53 CST 2016]; root of context hierarchy
					
2016-08-30 20:21:56.259  INFO Thread-3 GenericApplicationContext:982 - Closing org.springframework.context.support.GenericApplicationContext@5c5eefef: startup date [Tue Aug 30 20:21:53 CST 2016]; root of context hierarchy
					
2016-08-30 20:21:56.264  INFO Thread-3 EmbeddedDatabaseFactory:217 - Shutting down embedded database: url='jdbc:h2:mem:dataSource;DB_CLOSE_DELAY=-1;DB_CLOSE_ON_EXIT=false'
					
2016-08-30 20:22:16.624  INFO main DefaultTestContextBootstrapper:260 - Loaded default TestExecutionListener class names from location [META-INF/spring.factories]: [org.springframework.test.context.web.ServletTestExecutionListener, org.springframework.test.context.support.DirtiesContextBeforeModesTestExecutionListener, org.springframework.test.context.support.DependencyInjectionTestExecutionListener, org.springframework.test.context.support.DirtiesContextTestExecutionListener, org.springframework.test.context.transaction.TransactionalTestExecutionListener, org.springframework.test.context.jdbc.SqlScriptsTestExecutionListener]
					
2016-08-30 20:22:16.637  INFO main DefaultTestContextBootstrapper:187 - Using TestExecutionListeners: [org.springframework.test.context.web.ServletTestExecutionListener@2c767a52, org.springframework.test.context.support.DirtiesContextBeforeModesTestExecutionListener@619713e5, org.springframework.test.context.support.DependencyInjectionTestExecutionListener@708f5957, org.springframework.test.context.support.DirtiesContextTestExecutionListener@68999068, org.springframework.test.context.transaction.TransactionalTestExecutionListener@7722c3c3, org.springframework.test.context.jdbc.SqlScriptsTestExecutionListener@2ef3eef9]
					
2016-08-30 20:22:16.754  INFO main XmlBeanDefinitionReader:317 - Loading XML bean definitions from class path resource [application-config.xml]
					
2016-08-30 20:22:17.003  INFO main GenericApplicationContext:581 - Refreshing org.springframework.context.support.GenericApplicationContext@5c5eefef: startup date [Tue Aug 30 20:22:16 CST 2016]; root of context hierarchy
					
2016-08-30 20:22:17.151  INFO main PropertySourcesPlaceholderConfigurer:172 - Loading properties file from class path resource [redis.properties]
					
2016-08-30 20:22:17.250  INFO main EmbeddedDatabaseFactory:185 - Starting embedded database: url='jdbc:h2:mem:dataSource;DB_CLOSE_DELAY=-1;DB_CLOSE_ON_EXIT=false', username='sa'
					
2016-08-30 20:22:17.382  INFO main ScriptUtils:444 - Executing SQL script from class path resource [database/hongyan-learn.sql]
					
2016-08-30 20:22:17.480  INFO main ScriptUtils:510 - Executed SQL script from class path resource [database/hongyan-learn.sql] in 98 ms.
					
2016-08-30 20:22:17.765  INFO main RequestMappingHandlerAdapter:534 - Looking for @ControllerAdvice: org.springframework.context.support.GenericApplicationContext@5c5eefef: startup date [Tue Aug 30 20:22:16 CST 2016]; root of context hierarchy
					
2016-08-30 20:22:18.052  INFO Thread-3 GenericApplicationContext:982 - Closing org.springframework.context.support.GenericApplicationContext@5c5eefef: startup date [Tue Aug 30 20:22:16 CST 2016]; root of context hierarchy
					
2016-08-30 20:22:18.056  INFO Thread-3 EmbeddedDatabaseFactory:217 - Shutting down embedded database: url='jdbc:h2:mem:dataSource;DB_CLOSE_DELAY=-1;DB_CLOSE_ON_EXIT=false'
					
2016-08-30 20:32:25.378  INFO main DefaultTestContextBootstrapper:260 - Loaded default TestExecutionListener class names from location [META-INF/spring.factories]: [org.springframework.test.context.web.ServletTestExecutionListener, org.springframework.test.context.support.DirtiesContextBeforeModesTestExecutionListener, org.springframework.test.context.support.DependencyInjectionTestExecutionListener, org.springframework.test.context.support.DirtiesContextTestExecutionListener, org.springframework.test.context.transaction.TransactionalTestExecutionListener, org.springframework.test.context.jdbc.SqlScriptsTestExecutionListener]
					
2016-08-30 20:32:25.395  INFO main DefaultTestContextBootstrapper:187 - Using TestExecutionListeners: [org.springframework.test.context.web.ServletTestExecutionListener@2c767a52, org.springframework.test.context.support.DirtiesContextBeforeModesTestExecutionListener@619713e5, org.springframework.test.context.support.DependencyInjectionTestExecutionListener@708f5957, org.springframework.test.context.support.DirtiesContextTestExecutionListener@68999068, org.springframework.test.context.transaction.TransactionalTestExecutionListener@7722c3c3, org.springframework.test.context.jdbc.SqlScriptsTestExecutionListener@2ef3eef9]
					
2016-08-30 20:32:25.532  INFO main XmlBeanDefinitionReader:317 - Loading XML bean definitions from class path resource [application-config.xml]
					
2016-08-30 20:32:25.810  INFO main GenericApplicationContext:581 - Refreshing org.springframework.context.support.GenericApplicationContext@5c5eefef: startup date [Tue Aug 30 20:32:25 CST 2016]; root of context hierarchy
					
2016-08-30 20:32:25.978  INFO main PropertySourcesPlaceholderConfigurer:172 - Loading properties file from class path resource [redis.properties]
					
2016-08-30 20:32:26.082  INFO main EmbeddedDatabaseFactory:185 - Starting embedded database: url='jdbc:h2:mem:dataSource;DB_CLOSE_DELAY=-1;DB_CLOSE_ON_EXIT=false', username='sa'
					
2016-08-30 20:32:26.255  INFO main ScriptUtils:444 - Executing SQL script from class path resource [database/hongyan-learn.sql]
					
2016-08-30 20:32:26.365  INFO main ScriptUtils:510 - Executed SQL script from class path resource [database/hongyan-learn.sql] in 110 ms.
					
2016-08-30 20:32:26.671  INFO main RequestMappingHandlerAdapter:534 - Looking for @ControllerAdvice: org.springframework.context.support.GenericApplicationContext@5c5eefef: startup date [Tue Aug 30 20:32:25 CST 2016]; root of context hierarchy
					
2016-08-30 20:32:27.013  INFO Thread-3 GenericApplicationContext:982 - Closing org.springframework.context.support.GenericApplicationContext@5c5eefef: startup date [Tue Aug 30 20:32:25 CST 2016]; root of context hierarchy
					
2016-08-30 20:32:27.016  INFO Thread-3 EmbeddedDatabaseFactory:217 - Shutting down embedded database: url='jdbc:h2:mem:dataSource;DB_CLOSE_DELAY=-1;DB_CLOSE_ON_EXIT=false'
					
2016-08-30 20:32:48.483  INFO main DefaultTestContextBootstrapper:260 - Loaded default TestExecutionListener class names from location [META-INF/spring.factories]: [org.springframework.test.context.web.ServletTestExecutionListener, org.springframework.test.context.support.DirtiesContextBeforeModesTestExecutionListener, org.springframework.test.context.support.DependencyInjectionTestExecutionListener, org.springframework.test.context.support.DirtiesContextTestExecutionListener, org.springframework.test.context.transaction.TransactionalTestExecutionListener, org.springframework.test.context.jdbc.SqlScriptsTestExecutionListener]
					
2016-08-30 20:32:48.496  INFO main DefaultTestContextBootstrapper:187 - Using TestExecutionListeners: [org.springframework.test.context.web.ServletTestExecutionListener@2c767a52, org.springframework.test.context.support.DirtiesContextBeforeModesTestExecutionListener@619713e5, org.springframework.test.context.support.DependencyInjectionTestExecutionListener@708f5957, org.springframework.test.context.support.DirtiesContextTestExecutionListener@68999068, org.springframework.test.context.transaction.TransactionalTestExecutionListener@7722c3c3, org.springframework.test.context.jdbc.SqlScriptsTestExecutionListener@2ef3eef9]
					
2016-08-30 20:32:48.615  INFO main XmlBeanDefinitionReader:317 - Loading XML bean definitions from class path resource [application-config.xml]
					
2016-08-30 20:32:48.865  INFO main GenericApplicationContext:581 - Refreshing org.springframework.context.support.GenericApplicationContext@5c5eefef: startup date [Tue Aug 30 20:32:48 CST 2016]; root of context hierarchy
					
2016-08-30 20:32:49.001  INFO main PropertySourcesPlaceholderConfigurer:172 - Loading properties file from class path resource [redis.properties]
					
2016-08-30 20:32:49.101  INFO main EmbeddedDatabaseFactory:185 - Starting embedded database: url='jdbc:h2:mem:dataSource;DB_CLOSE_DELAY=-1;DB_CLOSE_ON_EXIT=false', username='sa'
					
2016-08-30 20:32:49.228  INFO main ScriptUtils:444 - Executing SQL script from class path resource [database/hongyan-learn.sql]
					
2016-08-30 20:32:49.324  INFO main ScriptUtils:510 - Executed SQL script from class path resource [database/hongyan-learn.sql] in 96 ms.
					
2016-08-30 20:32:49.578  INFO main RequestMappingHandlerAdapter:534 - Looking for @ControllerAdvice: org.springframework.context.support.GenericApplicationContext@5c5eefef: startup date [Tue Aug 30 20:32:48 CST 2016]; root of context hierarchy
					
2016-08-30 20:32:49.885  INFO Thread-3 GenericApplicationContext:982 - Closing org.springframework.context.support.GenericApplicationContext@5c5eefef: startup date [Tue Aug 30 20:32:48 CST 2016]; root of context hierarchy
					
2016-08-30 20:32:49.889  INFO Thread-3 EmbeddedDatabaseFactory:217 - Shutting down embedded database: url='jdbc:h2:mem:dataSource;DB_CLOSE_DELAY=-1;DB_CLOSE_ON_EXIT=false'
					
2016-08-30 20:33:54.636  INFO main DefaultTestContextBootstrapper:260 - Loaded default TestExecutionListener class names from location [META-INF/spring.factories]: [org.springframework.test.context.web.ServletTestExecutionListener, org.springframework.test.context.support.DirtiesContextBeforeModesTestExecutionListener, org.springframework.test.context.support.DependencyInjectionTestExecutionListener, org.springframework.test.context.support.DirtiesContextTestExecutionListener, org.springframework.test.context.transaction.TransactionalTestExecutionListener, org.springframework.test.context.jdbc.SqlScriptsTestExecutionListener]
					
2016-08-30 20:33:54.653  INFO main DefaultTestContextBootstrapper:187 - Using TestExecutionListeners: [org.springframework.test.context.web.ServletTestExecutionListener@351d00c0, org.springframework.test.context.support.DirtiesContextBeforeModesTestExecutionListener@2a3b5b47, org.springframework.test.context.support.DependencyInjectionTestExecutionListener@55b699ef, org.springframework.test.context.support.DirtiesContextTestExecutionListener@35d019a3, org.springframework.test.context.transaction.TransactionalTestExecutionListener@689604d9, org.springframework.test.context.jdbc.SqlScriptsTestExecutionListener@18078bef]
					
2016-08-30 20:33:54.759  INFO main XmlBeanDefinitionReader:317 - Loading XML bean definitions from class path resource [application-config.xml]
					
2016-08-30 20:33:55.036  INFO main GenericApplicationContext:581 - Refreshing org.springframework.context.support.GenericApplicationContext@38425407: startup date [Tue Aug 30 20:33:55 CST 2016]; root of context hierarchy
					
2016-08-30 20:33:55.193  INFO main PropertySourcesPlaceholderConfigurer:172 - Loading properties file from class path resource [redis.properties]
					
2016-08-30 20:33:55.299  INFO main EmbeddedDatabaseFactory:185 - Starting embedded database: url='jdbc:h2:mem:dataSource;DB_CLOSE_DELAY=-1;DB_CLOSE_ON_EXIT=false', username='sa'
					
2016-08-30 20:33:55.503  INFO main ScriptUtils:444 - Executing SQL script from class path resource [database/hongyan-learn.sql]
					
2016-08-30 20:33:55.622  INFO main ScriptUtils:510 - Executed SQL script from class path resource [database/hongyan-learn.sql] in 119 ms.
					
2016-08-30 20:33:55.920  INFO main RequestMappingHandlerAdapter:534 - Looking for @ControllerAdvice: org.springframework.context.support.GenericApplicationContext@38425407: startup date [Tue Aug 30 20:33:55 CST 2016]; root of context hierarchy
					
2016-08-30 20:33:56.229  INFO Thread-3 GenericApplicationContext:982 - Closing org.springframework.context.support.GenericApplicationContext@38425407: startup date [Tue Aug 30 20:33:55 CST 2016]; root of context hierarchy
					
2016-08-30 20:33:56.239  INFO Thread-3 EmbeddedDatabaseFactory:217 - Shutting down embedded database: url='jdbc:h2:mem:dataSource;DB_CLOSE_DELAY=-1;DB_CLOSE_ON_EXIT=false'
					
2016-08-30 20:34:47.137  INFO main DefaultTestContextBootstrapper:260 - Loaded default TestExecutionListener class names from location [META-INF/spring.factories]: [org.springframework.test.context.web.ServletTestExecutionListener, org.springframework.test.context.support.DirtiesContextBeforeModesTestExecutionListener, org.springframework.test.context.support.DependencyInjectionTestExecutionListener, org.springframework.test.context.support.DirtiesContextTestExecutionListener, org.springframework.test.context.transaction.TransactionalTestExecutionListener, org.springframework.test.context.jdbc.SqlScriptsTestExecutionListener]
					
2016-08-30 20:34:47.156  INFO main DefaultTestContextBootstrapper:187 - Using TestExecutionListeners: [org.springframework.test.context.web.ServletTestExecutionListener@351d00c0, org.springframework.test.context.support.DirtiesContextBeforeModesTestExecutionListener@2a3b5b47, org.springframework.test.context.support.DependencyInjectionTestExecutionListener@55b699ef, org.springframework.test.context.support.DirtiesContextTestExecutionListener@35d019a3, org.springframework.test.context.transaction.TransactionalTestExecutionListener@689604d9, org.springframework.test.context.jdbc.SqlScriptsTestExecutionListener@18078bef]
					
2016-08-30 20:34:47.265  INFO main XmlBeanDefinitionReader:317 - Loading XML bean definitions from class path resource [application-config.xml]
					
2016-08-30 20:34:47.535  INFO main GenericApplicationContext:581 - Refreshing org.springframework.context.support.GenericApplicationContext@38425407: startup date [Tue Aug 30 20:34:47 CST 2016]; root of context hierarchy
					
2016-08-30 20:34:47.701  INFO main PropertySourcesPlaceholderConfigurer:172 - Loading properties file from class path resource [redis.properties]
					
2016-08-30 20:34:47.801  INFO main EmbeddedDatabaseFactory:185 - Starting embedded database: url='jdbc:h2:mem:dataSource;DB_CLOSE_DELAY=-1;DB_CLOSE_ON_EXIT=false', username='sa'
					
2016-08-30 20:34:47.976  INFO main ScriptUtils:444 - Executing SQL script from class path resource [database/hongyan-learn.sql]
					
2016-08-30 20:34:48.076  INFO main ScriptUtils:510 - Executed SQL script from class path resource [database/hongyan-learn.sql] in 100 ms.
					
2016-08-30 20:34:48.398  INFO main RequestMappingHandlerAdapter:534 - Looking for @ControllerAdvice: org.springframework.context.support.GenericApplicationContext@38425407: startup date [Tue Aug 30 20:34:47 CST 2016]; root of context hierarchy
					
2016-08-30 20:34:48.684  INFO Thread-3 GenericApplicationContext:982 - Closing org.springframework.context.support.GenericApplicationContext@38425407: startup date [Tue Aug 30 20:34:47 CST 2016]; root of context hierarchy
					
2016-08-30 20:34:48.689  INFO Thread-3 EmbeddedDatabaseFactory:217 - Shutting down embedded database: url='jdbc:h2:mem:dataSource;DB_CLOSE_DELAY=-1;DB_CLOSE_ON_EXIT=false'
					
2016-08-30 20:47:44.083  INFO main DefaultTestContextBootstrapper:260 - Loaded default TestExecutionListener class names from location [META-INF/spring.factories]: [org.springframework.test.context.web.ServletTestExecutionListener, org.springframework.test.context.support.DirtiesContextBeforeModesTestExecutionListener, org.springframework.test.context.support.DependencyInjectionTestExecutionListener, org.springframework.test.context.support.DirtiesContextTestExecutionListener, org.springframework.test.context.transaction.TransactionalTestExecutionListener, org.springframework.test.context.jdbc.SqlScriptsTestExecutionListener]
					
2016-08-30 20:47:44.101  INFO main DefaultTestContextBootstrapper:187 - Using TestExecutionListeners: [org.springframework.test.context.web.ServletTestExecutionListener@2c767a52, org.springframework.test.context.support.DirtiesContextBeforeModesTestExecutionListener@619713e5, org.springframework.test.context.support.DependencyInjectionTestExecutionListener@708f5957, org.springframework.test.context.support.DirtiesContextTestExecutionListener@68999068, org.springframework.test.context.transaction.TransactionalTestExecutionListener@7722c3c3, org.springframework.test.context.jdbc.SqlScriptsTestExecutionListener@2ef3eef9]
					
2016-08-30 20:47:44.244  INFO main XmlBeanDefinitionReader:317 - Loading XML bean definitions from class path resource [application-config.xml]
					
2016-08-30 20:47:44.527  INFO main GenericApplicationContext:581 - Refreshing org.springframework.context.support.GenericApplicationContext@5c5eefef: startup date [Tue Aug 30 20:47:44 CST 2016]; root of context hierarchy
					
2016-08-30 20:47:44.698  INFO main PropertySourcesPlaceholderConfigurer:172 - Loading properties file from class path resource [redis.properties]
					
2016-08-30 20:47:44.813  INFO main EmbeddedDatabaseFactory:185 - Starting embedded database: url='jdbc:h2:mem:dataSource;DB_CLOSE_DELAY=-1;DB_CLOSE_ON_EXIT=false', username='sa'
					
2016-08-30 20:47:44.993  INFO main ScriptUtils:444 - Executing SQL script from class path resource [database/hongyan-learn.sql]
					
2016-08-30 20:47:45.119  INFO main ScriptUtils:510 - Executed SQL script from class path resource [database/hongyan-learn.sql] in 125 ms.
					
2016-08-30 20:47:45.434  INFO main RequestMappingHandlerAdapter:534 - Looking for @ControllerAdvice: org.springframework.context.support.GenericApplicationContext@5c5eefef: startup date [Tue Aug 30 20:47:44 CST 2016]; root of context hierarchy
					
2016-08-30 20:47:45.762  INFO Thread-3 GenericApplicationContext:982 - Closing org.springframework.context.support.GenericApplicationContext@5c5eefef: startup date [Tue Aug 30 20:47:44 CST 2016]; root of context hierarchy
					
2016-08-30 20:47:45.770  INFO Thread-3 EmbeddedDatabaseFactory:217 - Shutting down embedded database: url='jdbc:h2:mem:dataSource;DB_CLOSE_DELAY=-1;DB_CLOSE_ON_EXIT=false'
					
2016-08-30 20:47:56.679  INFO main DefaultTestContextBootstrapper:260 - Loaded default TestExecutionListener class names from location [META-INF/spring.factories]: [org.springframework.test.context.web.ServletTestExecutionListener, org.springframework.test.context.support.DirtiesContextBeforeModesTestExecutionListener, org.springframework.test.context.support.DependencyInjectionTestExecutionListener, org.springframework.test.context.support.DirtiesContextTestExecutionListener, org.springframework.test.context.transaction.TransactionalTestExecutionListener, org.springframework.test.context.jdbc.SqlScriptsTestExecutionListener]
					
2016-08-30 20:47:56.692  INFO main DefaultTestContextBootstrapper:187 - Using TestExecutionListeners: [org.springframework.test.context.web.ServletTestExecutionListener@2c767a52, org.springframework.test.context.support.DirtiesContextBeforeModesTestExecutionListener@619713e5, org.springframework.test.context.support.DependencyInjectionTestExecutionListener@708f5957, org.springframework.test.context.support.DirtiesContextTestExecutionListener@68999068, org.springframework.test.context.transaction.TransactionalTestExecutionListener@7722c3c3, org.springframework.test.context.jdbc.SqlScriptsTestExecutionListener@2ef3eef9]
					
2016-08-30 20:47:56.808  INFO main XmlBeanDefinitionReader:317 - Loading XML bean definitions from class path resource [application-config.xml]
					
2016-08-30 20:47:57.069  INFO main GenericApplicationContext:581 - Refreshing org.springframework.context.support.GenericApplicationContext@5c5eefef: startup date [Tue Aug 30 20:47:57 CST 2016]; root of context hierarchy
					
2016-08-30 20:47:57.216  INFO main PropertySourcesPlaceholderConfigurer:172 - Loading properties file from class path resource [redis.properties]
					
2016-08-30 20:47:57.313  INFO main EmbeddedDatabaseFactory:185 - Starting embedded database: url='jdbc:h2:mem:dataSource;DB_CLOSE_DELAY=-1;DB_CLOSE_ON_EXIT=false', username='sa'
					
2016-08-30 20:47:57.441  INFO main ScriptUtils:444 - Executing SQL script from class path resource [database/hongyan-learn.sql]
					
2016-08-30 20:47:57.527  INFO main ScriptUtils:510 - Executed SQL script from class path resource [database/hongyan-learn.sql] in 86 ms.
					
2016-08-30 20:47:57.830  INFO main RequestMappingHandlerAdapter:534 - Looking for @ControllerAdvice: org.springframework.context.support.GenericApplicationContext@5c5eefef: startup date [Tue Aug 30 20:47:57 CST 2016]; root of context hierarchy
					
2016-08-30 20:47:58.119  INFO Thread-3 GenericApplicationContext:982 - Closing org.springframework.context.support.GenericApplicationContext@5c5eefef: startup date [Tue Aug 30 20:47:57 CST 2016]; root of context hierarchy
					
2016-08-30 20:47:58.123  INFO Thread-3 EmbeddedDatabaseFactory:217 - Shutting down embedded database: url='jdbc:h2:mem:dataSource;DB_CLOSE_DELAY=-1;DB_CLOSE_ON_EXIT=false'
					
2016-08-30 20:50:21.361  INFO main DefaultTestContextBootstrapper:260 - Loaded default TestExecutionListener class names from location [META-INF/spring.factories]: [org.springframework.test.context.web.ServletTestExecutionListener, org.springframework.test.context.support.DirtiesContextBeforeModesTestExecutionListener, org.springframework.test.context.support.DependencyInjectionTestExecutionListener, org.springframework.test.context.support.DirtiesContextTestExecutionListener, org.springframework.test.context.transaction.TransactionalTestExecutionListener, org.springframework.test.context.jdbc.SqlScriptsTestExecutionListener]
					
2016-08-30 20:50:21.373  INFO main DefaultTestContextBootstrapper:187 - Using TestExecutionListeners: [org.springframework.test.context.web.ServletTestExecutionListener@293a5bf6, org.springframework.test.context.support.DirtiesContextBeforeModesTestExecutionListener@6aeb35e6, org.springframework.test.context.support.DependencyInjectionTestExecutionListener@1283bb96, org.springframework.test.context.support.DirtiesContextTestExecutionListener@74f0ea28, org.springframework.test.context.transaction.TransactionalTestExecutionListener@f6efaab, org.springframework.test.context.jdbc.SqlScriptsTestExecutionListener@3c19aaa5]
					
2016-08-30 20:50:21.460  INFO main XmlBeanDefinitionReader:317 - Loading XML bean definitions from class path resource [application-config.xml]
					
2016-08-30 20:50:21.706  INFO main GenericApplicationContext:581 - Refreshing org.springframework.context.support.GenericApplicationContext@3c46e67a: startup date [Tue Aug 30 20:50:21 CST 2016]; root of context hierarchy
					
2016-08-30 20:50:21.837  INFO main PropertySourcesPlaceholderConfigurer:172 - Loading properties file from class path resource [redis.properties]
					
2016-08-30 20:50:21.934  INFO main EmbeddedDatabaseFactory:185 - Starting embedded database: url='jdbc:h2:mem:dataSource;DB_CLOSE_DELAY=-1;DB_CLOSE_ON_EXIT=false', username='sa'
					
2016-08-30 20:50:22.084  INFO main ScriptUtils:444 - Executing SQL script from class path resource [database/hongyan-learn.sql]
					
2016-08-30 20:50:22.188  INFO main ScriptUtils:510 - Executed SQL script from class path resource [database/hongyan-learn.sql] in 104 ms.
					
2016-08-30 20:50:22.463  INFO main RequestMappingHandlerAdapter:534 - Looking for @ControllerAdvice: org.springframework.context.support.GenericApplicationContext@3c46e67a: startup date [Tue Aug 30 20:50:21 CST 2016]; root of context hierarchy
					
2016-08-30 20:50:22.745  INFO Thread-3 GenericApplicationContext:982 - Closing org.springframework.context.support.GenericApplicationContext@3c46e67a: startup date [Tue Aug 30 20:50:21 CST 2016]; root of context hierarchy
					
2016-08-30 20:50:22.753  INFO Thread-3 EmbeddedDatabaseFactory:217 - Shutting down embedded database: url='jdbc:h2:mem:dataSource;DB_CLOSE_DELAY=-1;DB_CLOSE_ON_EXIT=false'
					
2016-08-30 20:50:33.476  INFO main DefaultTestContextBootstrapper:260 - Loaded default TestExecutionListener class names from location [META-INF/spring.factories]: [org.springframework.test.context.web.ServletTestExecutionListener, org.springframework.test.context.support.DirtiesContextBeforeModesTestExecutionListener, org.springframework.test.context.support.DependencyInjectionTestExecutionListener, org.springframework.test.context.support.DirtiesContextTestExecutionListener, org.springframework.test.context.transaction.TransactionalTestExecutionListener, org.springframework.test.context.jdbc.SqlScriptsTestExecutionListener]
					
2016-08-30 20:50:33.497  INFO main DefaultTestContextBootstrapper:187 - Using TestExecutionListeners: [org.springframework.test.context.web.ServletTestExecutionListener@28eaa59a, org.springframework.test.context.support.DirtiesContextBeforeModesTestExecutionListener@3427b02d, org.springframework.test.context.support.DependencyInjectionTestExecutionListener@647e447, org.springframework.test.context.support.DirtiesContextTestExecutionListener@41fbdac4, org.springframework.test.context.transaction.TransactionalTestExecutionListener@3c407114, org.springframework.test.context.jdbc.SqlScriptsTestExecutionListener@35ef1869]
					
2016-08-30 20:50:33.790  INFO main XmlBeanDefinitionReader:317 - Loading XML bean definitions from class path resource [application-config.xml]
					
2016-08-30 20:50:34.482  INFO main GenericApplicationContext:581 - Refreshing org.springframework.context.support.GenericApplicationContext@52bf72b5: startup date [Tue Aug 30 20:50:34 CST 2016]; root of context hierarchy
					
2016-08-30 20:50:34.831  INFO main PropertySourcesPlaceholderConfigurer:172 - Loading properties file from class path resource [redis.properties]
					
2016-08-30 20:50:35.092  INFO main EmbeddedDatabaseFactory:185 - Starting embedded database: url='jdbc:h2:mem:dataSource;DB_CLOSE_DELAY=-1;DB_CLOSE_ON_EXIT=false', username='sa'
					
2016-08-30 20:50:35.521  INFO main ScriptUtils:444 - Executing SQL script from class path resource [database/hongyan-learn.sql]
					
2016-08-30 20:50:35.755  INFO main ScriptUtils:510 - Executed SQL script from class path resource [database/hongyan-learn.sql] in 234 ms.
					
2016-08-30 20:50:36.272  INFO main RequestMappingHandlerAdapter:534 - Looking for @ControllerAdvice: org.springframework.context.support.GenericApplicationContext@52bf72b5: startup date [Tue Aug 30 20:50:34 CST 2016]; root of context hierarchy
					
2016-08-30 20:50:36.741  INFO Thread-3 GenericApplicationContext:982 - Closing org.springframework.context.support.GenericApplicationContext@52bf72b5: startup date [Tue Aug 30 20:50:34 CST 2016]; root of context hierarchy
					
2016-08-30 20:50:36.746  INFO Thread-3 EmbeddedDatabaseFactory:217 - Shutting down embedded database: url='jdbc:h2:mem:dataSource;DB_CLOSE_DELAY=-1;DB_CLOSE_ON_EXIT=false'
					
2016-08-30 20:53:20.902  INFO main DefaultTestContextBootstrapper:260 - Loaded default TestExecutionListener class names from location [META-INF/spring.factories]: [org.springframework.test.context.web.ServletTestExecutionListener, org.springframework.test.context.support.DirtiesContextBeforeModesTestExecutionListener, org.springframework.test.context.support.DependencyInjectionTestExecutionListener, org.springframework.test.context.support.DirtiesContextTestExecutionListener, org.springframework.test.context.transaction.TransactionalTestExecutionListener, org.springframework.test.context.jdbc.SqlScriptsTestExecutionListener] 
2016-08-30 20:53:20.915  INFO main DefaultTestContextBootstrapper:187 - Using TestExecutionListeners: [org.springframework.test.context.web.ServletTestExecutionListener@351d00c0, org.springframework.test.context.support.DirtiesContextBeforeModesTestExecutionListener@2a3b5b47, org.springframework.test.context.support.DependencyInjectionTestExecutionListener@55b699ef, org.springframework.test.context.support.DirtiesContextTestExecutionListener@35d019a3, org.springframework.test.context.transaction.TransactionalTestExecutionListener@689604d9, org.springframework.test.context.jdbc.SqlScriptsTestExecutionListener@18078bef] 
2016-08-30 20:53:21.008  INFO main XmlBeanDefinitionReader:317 - Loading XML bean definitions from class path resource [application-config.xml] 
2016-08-30 20:53:21.246  INFO main GenericApplicationContext:581 - Refreshing org.springframework.context.support.GenericApplicationContext@38425407: startup date [Tue Aug 30 20:53:21 CST 2016]; root of context hierarchy 
2016-08-30 20:53:21.385  INFO main PropertySourcesPlaceholderConfigurer:172 - Loading properties file from class path resource [redis.properties] 
2016-08-30 20:53:21.468  INFO main EmbeddedDatabaseFactory:185 - Starting embedded database: url='jdbc:h2:mem:dataSource;DB_CLOSE_DELAY=-1;DB_CLOSE_ON_EXIT=false', username='sa' 
2016-08-30 20:53:21.616  INFO main ScriptUtils:444 - Executing SQL script from class path resource [database/hongyan-learn.sql] 
2016-08-30 20:53:21.706  INFO main ScriptUtils:510 - Executed SQL script from class path resource [database/hongyan-learn.sql] in 90 ms. 
2016-08-30 20:53:21.954  INFO main RequestMappingHandlerAdapter:534 - Looking for @ControllerAdvice: org.springframework.context.support.GenericApplicationContext@38425407: startup date [Tue Aug 30 20:53:21 CST 2016]; root of context hierarchy 
2016-08-30 20:53:22.190  INFO Thread-3 GenericApplicationContext:982 - Closing org.springframework.context.support.GenericApplicationContext@38425407: startup date [Tue Aug 30 20:53:21 CST 2016]; root of context hierarchy 
2016-08-30 20:53:22.194  INFO Thread-3 EmbeddedDatabaseFactory:217 - Shutting down embedded database: url='jdbc:h2:mem:dataSource;DB_CLOSE_DELAY=-1;DB_CLOSE_ON_EXIT=false' 
2016-08-30 20:54:20.798  INFO main DefaultTestContextBootstrapper:260 - Loaded default TestExecutionListener class names from location [META-INF/spring.factories]: [org.springframework.test.context.web.ServletTestExecutionListener, org.springframework.test.context.support.DirtiesContextBeforeModesTestExecutionListener, org.springframework.test.context.support.DependencyInjectionTestExecutionListener, org.springframework.test.context.support.DirtiesContextTestExecutionListener, org.springframework.test.context.transaction.TransactionalTestExecutionListener, org.springframework.test.context.jdbc.SqlScriptsTestExecutionListener] 
2016-08-30 20:54:20.809  INFO main DefaultTestContextBootstrapper:187 - Using TestExecutionListeners: [org.springframework.test.context.web.ServletTestExecutionListener@2c767a52, org.springframework.test.context.support.DirtiesContextBeforeModesTestExecutionListener@619713e5, org.springframework.test.context.support.DependencyInjectionTestExecutionListener@708f5957, org.springframework.test.context.support.DirtiesContextTestExecutionListener@68999068, org.springframework.test.context.transaction.TransactionalTestExecutionListener@7722c3c3, org.springframework.test.context.jdbc.SqlScriptsTestExecutionListener@2ef3eef9] 
2016-08-30 20:54:20.912  INFO main XmlBeanDefinitionReader:317 - Loading XML bean definitions from class path resource [application-config.xml] 
2016-08-30 20:54:21.138  INFO main GenericApplicationContext:581 - Refreshing org.springframework.context.support.GenericApplicationContext@5c5eefef: startup date [Tue Aug 30 20:54:21 CST 2016]; root of context hierarchy 
2016-08-30 20:54:21.280  INFO main PropertySourcesPlaceholderConfigurer:172 - Loading properties file from class path resource [redis.properties] 
2016-08-30 20:54:21.377  INFO main EmbeddedDatabaseFactory:185 - Starting embedded database: url='jdbc:h2:mem:dataSource;DB_CLOSE_DELAY=-1;DB_CLOSE_ON_EXIT=false', username='sa' 
2016-08-30 20:54:21.518  INFO main ScriptUtils:444 - Executing SQL script from class path resource [database/hongyan-learn.sql] 
2016-08-30 20:54:21.615  INFO main ScriptUtils:510 - Executed SQL script from class path resource [database/hongyan-learn.sql] in 96 ms. 
2016-08-30 20:54:21.861  INFO main RequestMappingHandlerAdapter:534 - Looking for @ControllerAdvice: org.springframework.context.support.GenericApplicationContext@5c5eefef: startup date [Tue Aug 30 20:54:21 CST 2016]; root of context hierarchy 
2016-08-30 20:54:22.151  INFO Thread-3 GenericApplicationContext:982 - Closing org.springframework.context.support.GenericApplicationContext@5c5eefef: startup date [Tue Aug 30 20:54:21 CST 2016]; root of context hierarchy 
2016-08-30 20:54:22.155  INFO Thread-3 EmbeddedDatabaseFactory:217 - Shutting down embedded database: url='jdbc:h2:mem:dataSource;DB_CLOSE_DELAY=-1;DB_CLOSE_ON_EXIT=false' 
2016-08-30 20:55:51.492  INFO main DefaultTestContextBootstrapper:260 - Loaded default TestExecutionListener class names from location [META-INF/spring.factories]: [org.springframework.test.context.web.ServletTestExecutionListener, org.springframework.test.context.support.DirtiesContextBeforeModesTestExecutionListener, org.springframework.test.context.support.DependencyInjectionTestExecutionListener, org.springframework.test.context.support.DirtiesContextTestExecutionListener, org.springframework.test.context.transaction.TransactionalTestExecutionListener, org.springframework.test.context.jdbc.SqlScriptsTestExecutionListener] 
2016-08-30 20:55:51.507  INFO main DefaultTestContextBootstrapper:187 - Using TestExecutionListeners: [org.springframework.test.context.web.ServletTestExecutionListener@6aeb35e6, org.springframework.test.context.support.DirtiesContextBeforeModesTestExecutionListener@1283bb96, org.springframework.test.context.support.DependencyInjectionTestExecutionListener@74f0ea28, org.springframework.test.context.support.DirtiesContextTestExecutionListener@f6efaab, org.springframework.test.context.transaction.TransactionalTestExecutionListener@3c19aaa5, org.springframework.test.context.jdbc.SqlScriptsTestExecutionListener@3349e9bb] 
2016-08-30 20:55:51.622  INFO main XmlBeanDefinitionReader:317 - Loading XML bean definitions from class path resource [application-config.xml] 
2016-08-30 20:55:51.880  INFO main GenericApplicationContext:581 - Refreshing org.springframework.context.support.GenericApplicationContext@c730b35: startup date [Tue Aug 30 20:55:51 CST 2016]; root of context hierarchy 
2016-08-30 20:55:52.048  INFO main PropertySourcesPlaceholderConfigurer:172 - Loading properties file from class path resource [redis.properties] 
2016-08-30 20:55:52.172  INFO main EmbeddedDatabaseFactory:185 - Starting embedded database: url='jdbc:h2:mem:dataSource;DB_CLOSE_DELAY=-1;DB_CLOSE_ON_EXIT=false', username='sa' 
2016-08-30 20:55:52.345  INFO main ScriptUtils:444 - Executing SQL script from class path resource [database/hongyan-learn.sql] 
2016-08-30 20:55:52.461  INFO main ScriptUtils:510 - Executed SQL script from class path resource [database/hongyan-learn.sql] in 116 ms. 
2016-08-30 20:55:52.760  INFO main RequestMappingHandlerAdapter:534 - Looking for @ControllerAdvice: org.springframework.context.support.GenericApplicationContext@c730b35: startup date [Tue Aug 30 20:55:51 CST 2016]; root of context hierarchy 
2016-08-30 20:55:53.113  INFO Thread-3 GenericApplicationContext:982 - Closing org.springframework.context.support.GenericApplicationContext@c730b35: startup date [Tue Aug 30 20:55:51 CST 2016]; root of context hierarchy 
2016-08-30 20:55:53.117  INFO Thread-3 EmbeddedDatabaseFactory:217 - Shutting down embedded database: url='jdbc:h2:mem:dataSource;DB_CLOSE_DELAY=-1;DB_CLOSE_ON_EXIT=false' 
2016-08-30 20:56:16.514  INFO main DefaultTestContextBootstrapper:260 - Loaded default TestExecutionListener class names from location [META-INF/spring.factories]: [org.springframework.test.context.web.ServletTestExecutionListener, org.springframework.test.context.support.DirtiesContextBeforeModesTestExecutionListener, org.springframework.test.context.support.DependencyInjectionTestExecutionListener, org.springframework.test.context.support.DirtiesContextTestExecutionListener, org.springframework.test.context.transaction.TransactionalTestExecutionListener, org.springframework.test.context.jdbc.SqlScriptsTestExecutionListener] 
2016-08-30 20:56:16.525  INFO main DefaultTestContextBootstrapper:187 - Using TestExecutionListeners: [org.springframework.test.context.web.ServletTestExecutionListener@3427b02d, org.springframework.test.context.support.DirtiesContextBeforeModesTestExecutionListener@647e447, org.springframework.test.context.support.DependencyInjectionTestExecutionListener@41fbdac4, org.springframework.test.context.support.DirtiesContextTestExecutionListener@3c407114, org.springframework.test.context.transaction.TransactionalTestExecutionListener@35ef1869, org.springframework.test.context.jdbc.SqlScriptsTestExecutionListener@c33b74f] 
2016-08-30 20:56:16.657  INFO main XmlBeanDefinitionReader:317 - Loading XML bean definitions from class path resource [application-config.xml] 
2016-08-30 20:56:16.922  INFO main GenericApplicationContext:581 - Refreshing org.springframework.context.support.GenericApplicationContext@37afeb11: startup date [Tue Aug 30 20:56:16 CST 2016]; root of context hierarchy 
2016-08-30 20:56:17.068  INFO main PropertySourcesPlaceholderConfigurer:172 - Loading properties file from class path resource [redis.properties] 
2016-08-30 20:56:17.181  INFO main EmbeddedDatabaseFactory:185 - Starting embedded database: url='jdbc:h2:mem:dataSource;DB_CLOSE_DELAY=-1;DB_CLOSE_ON_EXIT=false', username='sa' 
2016-08-30 20:56:17.313  INFO main ScriptUtils:444 - Executing SQL script from class path resource [database/hongyan-learn.sql] 
2016-08-30 20:56:17.420  INFO main ScriptUtils:510 - Executed SQL script from class path resource [database/hongyan-learn.sql] in 107 ms. 
2016-08-30 20:56:17.681  INFO main RequestMappingHandlerAdapter:534 - Looking for @ControllerAdvice: org.springframework.context.support.GenericApplicationContext@37afeb11: startup date [Tue Aug 30 20:56:16 CST 2016]; root of context hierarchy 
2016-08-30 20:56:18.005  INFO Thread-3 GenericApplicationContext:982 - Closing org.springframework.context.support.GenericApplicationContext@37afeb11: startup date [Tue Aug 30 20:56:16 CST 2016]; root of context hierarchy 
2016-08-30 20:56:18.008  INFO Thread-3 EmbeddedDatabaseFactory:217 - Shutting down embedded database: url='jdbc:h2:mem:dataSource;DB_CLOSE_DELAY=-1;DB_CLOSE_ON_EXIT=false' 
2016-08-30 21:00:07.037  INFO main DefaultTestContextBootstrapper:260 - Loaded default TestExecutionListener class names from location [META-INF/spring.factories]: [org.springframework.test.context.web.ServletTestExecutionListener, org.springframework.test.context.support.DirtiesContextBeforeModesTestExecutionListener, org.springframework.test.context.support.DependencyInjectionTestExecutionListener, org.springframework.test.context.support.DirtiesContextTestExecutionListener, org.springframework.test.context.transaction.TransactionalTestExecutionListener, org.springframework.test.context.jdbc.SqlScriptsTestExecutionListener] 
2016-08-30 21:00:07.051  INFO main DefaultTestContextBootstrapper:187 - Using TestExecutionListeners: [org.springframework.test.context.web.ServletTestExecutionListener@6aeb35e6, org.springframework.test.context.support.DirtiesContextBeforeModesTestExecutionListener@1283bb96, org.springframework.test.context.support.DependencyInjectionTestExecutionListener@74f0ea28, org.springframework.test.context.support.DirtiesContextTestExecutionListener@f6efaab, org.springframework.test.context.transaction.TransactionalTestExecutionListener@3c19aaa5, org.springframework.test.context.jdbc.SqlScriptsTestExecutionListener@3349e9bb] 
2016-08-30 21:00:07.164  INFO main XmlBeanDefinitionReader:317 - Loading XML bean definitions from class path resource [application-config.xml] 
2016-08-30 21:00:07.423  INFO main GenericApplicationContext:581 - Refreshing org.springframework.context.support.GenericApplicationContext@c730b35: startup date [Tue Aug 30 21:00:07 CST 2016]; root of context hierarchy 
2016-08-30 21:00:07.592  INFO main PropertySourcesPlaceholderConfigurer:172 - Loading properties file from class path resource [redis.properties] 
2016-08-30 21:00:07.717  INFO main EmbeddedDatabaseFactory:185 - Starting embedded database: url='jdbc:h2:mem:dataSource;DB_CLOSE_DELAY=-1;DB_CLOSE_ON_EXIT=false', username='sa' 
2016-08-30 21:00:07.934  INFO main ScriptUtils:444 - Executing SQL script from class path resource [database/hongyan-learn.sql] 
2016-08-30 21:00:08.099  INFO main ScriptUtils:510 - Executed SQL script from class path resource [database/hongyan-learn.sql] in 164 ms. 
2016-08-30 21:00:08.381  INFO main RequestMappingHandlerAdapter:534 - Looking for @ControllerAdvice: org.springframework.context.support.GenericApplicationContext@c730b35: startup date [Tue Aug 30 21:00:07 CST 2016]; root of context hierarchy 
2016-08-30 21:00:08.652  INFO Thread-3 GenericApplicationContext:982 - Closing org.springframework.context.support.GenericApplicationContext@c730b35: startup date [Tue Aug 30 21:00:07 CST 2016]; root of context hierarchy 
2016-08-30 21:00:08.656  INFO Thread-3 EmbeddedDatabaseFactory:217 - Shutting down embedded database: url='jdbc:h2:mem:dataSource;DB_CLOSE_DELAY=-1;DB_CLOSE_ON_EXIT=false' 
2016-08-30 21:00:46.808  INFO main DefaultTestContextBootstrapper:260 - Loaded default TestExecutionListener class names from location [META-INF/spring.factories]: [org.springframework.test.context.web.ServletTestExecutionListener, org.springframework.test.context.support.DirtiesContextBeforeModesTestExecutionListener, org.springframework.test.context.support.DependencyInjectionTestExecutionListener, org.springframework.test.context.support.DirtiesContextTestExecutionListener, org.springframework.test.context.transaction.TransactionalTestExecutionListener, org.springframework.test.context.jdbc.SqlScriptsTestExecutionListener] 
2016-08-30 21:00:46.820  INFO main DefaultTestContextBootstrapper:187 - Using TestExecutionListeners: [org.springframework.test.context.web.ServletTestExecutionListener@3427b02d, org.springframework.test.context.support.DirtiesContextBeforeModesTestExecutionListener@647e447, org.springframework.test.context.support.DependencyInjectionTestExecutionListener@41fbdac4, org.springframework.test.context.support.DirtiesContextTestExecutionListener@3c407114, org.springframework.test.context.transaction.TransactionalTestExecutionListener@35ef1869, org.springframework.test.context.jdbc.SqlScriptsTestExecutionListener@c33b74f] 
2016-08-30 21:00:46.950  INFO main XmlBeanDefinitionReader:317 - Loading XML bean definitions from class path resource [application-config.xml] 
2016-08-30 21:00:47.237  INFO main GenericApplicationContext:581 - Refreshing org.springframework.context.support.GenericApplicationContext@37afeb11: startup date [Tue Aug 30 21:00:47 CST 2016]; root of context hierarchy 
2016-08-30 21:00:47.405  INFO main PropertySourcesPlaceholderConfigurer:172 - Loading properties file from class path resource [redis.properties] 
2016-08-30 21:00:47.513  INFO main EmbeddedDatabaseFactory:185 - Starting embedded database: url='jdbc:h2:mem:dataSource;DB_CLOSE_DELAY=-1;DB_CLOSE_ON_EXIT=false', username='sa' 
2016-08-30 21:00:47.657  INFO main ScriptUtils:444 - Executing SQL script from class path resource [database/hongyan-learn.sql] 
2016-08-30 21:00:47.765  INFO main ScriptUtils:510 - Executed SQL script from class path resource [database/hongyan-learn.sql] in 108 ms. 
2016-08-30 21:00:48.025  INFO main RequestMappingHandlerAdapter:534 - Looking for @ControllerAdvice: org.springframework.context.support.GenericApplicationContext@37afeb11: startup date [Tue Aug 30 21:00:47 CST 2016]; root of context hierarchy 
2016-08-30 21:00:48.311  INFO Thread-3 GenericApplicationContext:982 - Closing org.springframework.context.support.GenericApplicationContext@37afeb11: startup date [Tue Aug 30 21:00:47 CST 2016]; root of context hierarchy 
2016-08-30 21:00:48.315  INFO Thread-3 EmbeddedDatabaseFactory:217 - Shutting down embedded database: url='jdbc:h2:mem:dataSource;DB_CLOSE_DELAY=-1;DB_CLOSE_ON_EXIT=false' 
2016-08-30 21:02:12.964  INFO main DefaultTestContextBootstrapper:260 - Loaded default TestExecutionListener class names from location [META-INF/spring.factories]: [org.springframework.test.context.web.ServletTestExecutionListener, org.springframework.test.context.support.DirtiesContextBeforeModesTestExecutionListener, org.springframework.test.context.support.DependencyInjectionTestExecutionListener, org.springframework.test.context.support.DirtiesContextTestExecutionListener, org.springframework.test.context.transaction.TransactionalTestExecutionListener, org.springframework.test.context.jdbc.SqlScriptsTestExecutionListener] 
2016-08-30 21:02:12.980  INFO main DefaultTestContextBootstrapper:187 - Using TestExecutionListeners: [org.springframework.test.context.web.ServletTestExecutionListener@6aeb35e6, org.springframework.test.context.support.DirtiesContextBeforeModesTestExecutionListener@1283bb96, org.springframework.test.context.support.DependencyInjectionTestExecutionListener@74f0ea28, org.springframework.test.context.support.DirtiesContextTestExecutionListener@f6efaab, org.springframework.test.context.transaction.TransactionalTestExecutionListener@3c19aaa5, org.springframework.test.context.jdbc.SqlScriptsTestExecutionListener@3349e9bb] 
2016-08-30 21:02:13.131  INFO main XmlBeanDefinitionReader:317 - Loading XML bean definitions from class path resource [application-config.xml] 
2016-08-30 21:02:13.530  INFO main GenericApplicationContext:581 - Refreshing org.springframework.context.support.GenericApplicationContext@c730b35: startup date [Tue Aug 30 21:02:13 CST 2016]; root of context hierarchy 
2016-08-30 21:02:13.709  INFO main PropertySourcesPlaceholderConfigurer:172 - Loading properties file from class path resource [redis.properties] 
2016-08-30 21:02:13.890  INFO main EmbeddedDatabaseFactory:185 - Starting embedded database: url='jdbc:h2:mem:dataSource;DB_CLOSE_DELAY=-1;DB_CLOSE_ON_EXIT=false', username='sa' 
2016-08-30 21:02:14.079  INFO main ScriptUtils:444 - Executing SQL script from class path resource [database/hongyan-learn.sql] 
2016-08-30 21:02:14.195  INFO main ScriptUtils:510 - Executed SQL script from class path resource [database/hongyan-learn.sql] in 115 ms. 
2016-08-30 21:02:14.519  INFO main RequestMappingHandlerAdapter:534 - Looking for @ControllerAdvice: org.springframework.context.support.GenericApplicationContext@c730b35: startup date [Tue Aug 30 21:02:13 CST 2016]; root of context hierarchy 
2016-08-30 21:02:14.837  INFO Thread-3 GenericApplicationContext:982 - Closing org.springframework.context.support.GenericApplicationContext@c730b35: startup date [Tue Aug 30 21:02:13 CST 2016]; root of context hierarchy 
2016-08-30 21:02:14.841  INFO Thread-3 EmbeddedDatabaseFactory:217 - Shutting down embedded database: url='jdbc:h2:mem:dataSource;DB_CLOSE_DELAY=-1;DB_CLOSE_ON_EXIT=false' 
2016-08-30 21:02:44.185  INFO main DefaultTestContextBootstrapper:260 - Loaded default TestExecutionListener class names from location [META-INF/spring.factories]: [org.springframework.test.context.web.ServletTestExecutionListener, org.springframework.test.context.support.DirtiesContextBeforeModesTestExecutionListener, org.springframework.test.context.support.DependencyInjectionTestExecutionListener, org.springframework.test.context.support.DirtiesContextTestExecutionListener, org.springframework.test.context.transaction.TransactionalTestExecutionListener, org.springframework.test.context.jdbc.SqlScriptsTestExecutionListener] 
2016-08-30 21:02:44.198  INFO main DefaultTestContextBootstrapper:187 - Using TestExecutionListeners: [org.springframework.test.context.web.ServletTestExecutionListener@3427b02d, org.springframework.test.context.support.DirtiesContextBeforeModesTestExecutionListener@647e447, org.springframework.test.context.support.DependencyInjectionTestExecutionListener@41fbdac4, org.springframework.test.context.support.DirtiesContextTestExecutionListener@3c407114, org.springframework.test.context.transaction.TransactionalTestExecutionListener@35ef1869, org.springframework.test.context.jdbc.SqlScriptsTestExecutionListener@c33b74f] 
2016-08-30 21:02:44.327  INFO main XmlBeanDefinitionReader:317 - Loading XML bean definitions from class path resource [application-config.xml] 
2016-08-30 21:02:44.585  INFO main GenericApplicationContext:581 - Refreshing org.springframework.context.support.GenericApplicationContext@37afeb11: startup date [Tue Aug 30 21:02:44 CST 2016]; root of context hierarchy 
2016-08-30 21:02:44.755  INFO main PropertySourcesPlaceholderConfigurer:172 - Loading properties file from class path resource [redis.properties] 
2016-08-30 21:02:44.874  INFO main EmbeddedDatabaseFactory:185 - Starting embedded database: url='jdbc:h2:mem:dataSource;DB_CLOSE_DELAY=-1;DB_CLOSE_ON_EXIT=false', username='sa' 
2016-08-30 21:02:45.016  INFO main ScriptUtils:444 - Executing SQL script from class path resource [database/hongyan-learn.sql] 
2016-08-30 21:02:45.120  INFO main ScriptUtils:510 - Executed SQL script from class path resource [database/hongyan-learn.sql] in 103 ms. 
2016-08-30 21:02:45.396  INFO main RequestMappingHandlerAdapter:534 - Looking for @ControllerAdvice: org.springframework.context.support.GenericApplicationContext@37afeb11: startup date [Tue Aug 30 21:02:44 CST 2016]; root of context hierarchy 
2016-08-30 21:02:45.700  INFO Thread-3 GenericApplicationContext:982 - Closing org.springframework.context.support.GenericApplicationContext@37afeb11: startup date [Tue Aug 30 21:02:44 CST 2016]; root of context hierarchy 
2016-08-30 21:02:45.704  INFO Thread-3 EmbeddedDatabaseFactory:217 - Shutting down embedded database: url='jdbc:h2:mem:dataSource;DB_CLOSE_DELAY=-1;DB_CLOSE_ON_EXIT=false' 
2016-08-30 21:04:33.386  INFO main DefaultTestContextBootstrapper:260 - Loaded default TestExecutionListener class names from location [META-INF/spring.factories]: [org.springframework.test.context.web.ServletTestExecutionListener, org.springframework.test.context.support.DirtiesContextBeforeModesTestExecutionListener, org.springframework.test.context.support.DependencyInjectionTestExecutionListener, org.springframework.test.context.support.DirtiesContextTestExecutionListener, org.springframework.test.context.transaction.TransactionalTestExecutionListener, org.springframework.test.context.jdbc.SqlScriptsTestExecutionListener] 
2016-08-30 21:04:33.400  INFO main DefaultTestContextBootstrapper:187 - Using TestExecutionListeners: [org.springframework.test.context.web.ServletTestExecutionListener@6aeb35e6, org.springframework.test.context.support.DirtiesContextBeforeModesTestExecutionListener@1283bb96, org.springframework.test.context.support.DependencyInjectionTestExecutionListener@74f0ea28, org.springframework.test.context.support.DirtiesContextTestExecutionListener@f6efaab, org.springframework.test.context.transaction.TransactionalTestExecutionListener@3c19aaa5, org.springframework.test.context.jdbc.SqlScriptsTestExecutionListener@3349e9bb] 
2016-08-30 21:04:33.534  INFO main XmlBeanDefinitionReader:317 - Loading XML bean definitions from class path resource [application-config.xml] 
2016-08-30 21:04:33.963  INFO main GenericApplicationContext:581 - Refreshing org.springframework.context.support.GenericApplicationContext@c730b35: startup date [Tue Aug 30 21:04:33 CST 2016]; root of context hierarchy 
2016-08-30 21:04:34.126  INFO main PropertySourcesPlaceholderConfigurer:172 - Loading properties file from class path resource [redis.properties] 
2016-08-30 21:04:34.247  INFO main EmbeddedDatabaseFactory:185 - Starting embedded database: url='jdbc:h2:mem:dataSource;DB_CLOSE_DELAY=-1;DB_CLOSE_ON_EXIT=false', username='sa' 
2016-08-30 21:04:34.418  INFO main ScriptUtils:444 - Executing SQL script from class path resource [database/hongyan-learn.sql] 
2016-08-30 21:04:34.530  INFO main ScriptUtils:510 - Executed SQL script from class path resource [database/hongyan-learn.sql] in 111 ms. 
2016-08-30 21:04:34.814  INFO main RequestMappingHandlerAdapter:534 - Looking for @ControllerAdvice: org.springframework.context.support.GenericApplicationContext@c730b35: startup date [Tue Aug 30 21:04:33 CST 2016]; root of context hierarchy 
2016-08-30 21:04:35.081  INFO Thread-3 GenericApplicationContext:982 - Closing org.springframework.context.support.GenericApplicationContext@c730b35: startup date [Tue Aug 30 21:04:33 CST 2016]; root of context hierarchy 
2016-08-30 21:04:35.087  INFO Thread-3 EmbeddedDatabaseFactory:217 - Shutting down embedded database: url='jdbc:h2:mem:dataSource;DB_CLOSE_DELAY=-1;DB_CLOSE_ON_EXIT=false' 
2016-08-30 21:04:57.520  INFO main DefaultTestContextBootstrapper:260 - Loaded default TestExecutionListener class names from location [META-INF/spring.factories]: [org.springframework.test.context.web.ServletTestExecutionListener, org.springframework.test.context.support.DirtiesContextBeforeModesTestExecutionListener, org.springframework.test.context.support.DependencyInjectionTestExecutionListener, org.springframework.test.context.support.DirtiesContextTestExecutionListener, org.springframework.test.context.transaction.TransactionalTestExecutionListener, org.springframework.test.context.jdbc.SqlScriptsTestExecutionListener] 
2016-08-30 21:04:57.532  INFO main DefaultTestContextBootstrapper:187 - Using TestExecutionListeners: [org.springframework.test.context.web.ServletTestExecutionListener@3427b02d, org.springframework.test.context.support.DirtiesContextBeforeModesTestExecutionListener@647e447, org.springframework.test.context.support.DependencyInjectionTestExecutionListener@41fbdac4, org.springframework.test.context.support.DirtiesContextTestExecutionListener@3c407114, org.springframework.test.context.transaction.TransactionalTestExecutionListener@35ef1869, org.springframework.test.context.jdbc.SqlScriptsTestExecutionListener@c33b74f] 
2016-08-30 21:04:57.666  INFO main XmlBeanDefinitionReader:317 - Loading XML bean definitions from class path resource [application-config.xml] 
2016-08-30 21:04:57.933  INFO main GenericApplicationContext:581 - Refreshing org.springframework.context.support.GenericApplicationContext@37afeb11: startup date [Tue Aug 30 21:04:57 CST 2016]; root of context hierarchy 
2016-08-30 21:04:58.094  INFO main PropertySourcesPlaceholderConfigurer:172 - Loading properties file from class path resource [redis.properties] 
2016-08-30 21:04:58.212  INFO main EmbeddedDatabaseFactory:185 - Starting embedded database: url='jdbc:h2:mem:dataSource;DB_CLOSE_DELAY=-1;DB_CLOSE_ON_EXIT=false', username='sa' 
2016-08-30 21:04:58.353  INFO main ScriptUtils:444 - Executing SQL script from class path resource [database/hongyan-learn.sql] 
2016-08-30 21:04:58.465  INFO main ScriptUtils:510 - Executed SQL script from class path resource [database/hongyan-learn.sql] in 112 ms. 
2016-08-30 21:04:58.726  INFO main RequestMappingHandlerAdapter:534 - Looking for @ControllerAdvice: org.springframework.context.support.GenericApplicationContext@37afeb11: startup date [Tue Aug 30 21:04:57 CST 2016]; root of context hierarchy 
2016-08-30 21:04:59.046  INFO Thread-3 GenericApplicationContext:982 - Closing org.springframework.context.support.GenericApplicationContext@37afeb11: startup date [Tue Aug 30 21:04:57 CST 2016]; root of context hierarchy 
2016-08-30 21:04:59.051  INFO Thread-3 EmbeddedDatabaseFactory:217 - Shutting down embedded database: url='jdbc:h2:mem:dataSource;DB_CLOSE_DELAY=-1;DB_CLOSE_ON_EXIT=false' 
2016-08-30 21:05:46.481  INFO main DefaultTestContextBootstrapper:260 - Loaded default TestExecutionListener class names from location [META-INF/spring.factories]: [org.springframework.test.context.web.ServletTestExecutionListener, org.springframework.test.context.support.DirtiesContextBeforeModesTestExecutionListener, org.springframework.test.context.support.DependencyInjectionTestExecutionListener, org.springframework.test.context.support.DirtiesContextTestExecutionListener, org.springframework.test.context.transaction.TransactionalTestExecutionListener, org.springframework.test.context.jdbc.SqlScriptsTestExecutionListener] 
2016-08-30 21:05:46.493  INFO main DefaultTestContextBootstrapper:187 - Using TestExecutionListeners: [org.springframework.test.context.web.ServletTestExecutionListener@6aeb35e6, org.springframework.test.context.support.DirtiesContextBeforeModesTestExecutionListener@1283bb96, org.springframework.test.context.support.DependencyInjectionTestExecutionListener@74f0ea28, org.springframework.test.context.support.DirtiesContextTestExecutionListener@f6efaab, org.springframework.test.context.transaction.TransactionalTestExecutionListener@3c19aaa5, org.springframework.test.context.jdbc.SqlScriptsTestExecutionListener@3349e9bb] 
2016-08-30 21:05:46.593  INFO main XmlBeanDefinitionReader:317 - Loading XML bean definitions from class path resource [application-config.xml] 
2016-08-30 21:05:46.868  INFO main GenericApplicationContext:581 - Refreshing org.springframework.context.support.GenericApplicationContext@c730b35: startup date [Tue Aug 30 21:05:46 CST 2016]; root of context hierarchy 
2016-08-30 21:05:47.043  INFO main PropertySourcesPlaceholderConfigurer:172 - Loading properties file from class path resource [redis.properties] 
2016-08-30 21:05:47.146  INFO main EmbeddedDatabaseFactory:185 - Starting embedded database: url='jdbc:h2:mem:dataSource;DB_CLOSE_DELAY=-1;DB_CLOSE_ON_EXIT=false', username='sa' 
2016-08-30 21:05:47.322  INFO main ScriptUtils:444 - Executing SQL script from class path resource [database/hongyan-learn.sql] 
2016-08-30 21:05:47.419  INFO main ScriptUtils:510 - Executed SQL script from class path resource [database/hongyan-learn.sql] in 96 ms. 
2016-08-30 21:05:47.707  INFO main RequestMappingHandlerAdapter:534 - Looking for @ControllerAdvice: org.springframework.context.support.GenericApplicationContext@c730b35: startup date [Tue Aug 30 21:05:46 CST 2016]; root of context hierarchy 
2016-08-30 21:05:47.969  INFO Thread-3 GenericApplicationContext:982 - Closing org.springframework.context.support.GenericApplicationContext@c730b35: startup date [Tue Aug 30 21:05:46 CST 2016]; root of context hierarchy 
2016-08-30 21:05:47.974  INFO Thread-3 EmbeddedDatabaseFactory:217 - Shutting down embedded database: url='jdbc:h2:mem:dataSource;DB_CLOSE_DELAY=-1;DB_CLOSE_ON_EXIT=false' 
2016-08-30 21:05:53.978  INFO main DefaultTestContextBootstrapper:260 - Loaded default TestExecutionListener class names from location [META-INF/spring.factories]: [org.springframework.test.context.web.ServletTestExecutionListener, org.springframework.test.context.support.DirtiesContextBeforeModesTestExecutionListener, org.springframework.test.context.support.DependencyInjectionTestExecutionListener, org.springframework.test.context.support.DirtiesContextTestExecutionListener, org.springframework.test.context.transaction.TransactionalTestExecutionListener, org.springframework.test.context.jdbc.SqlScriptsTestExecutionListener] 
2016-08-30 21:05:53.999  INFO main DefaultTestContextBootstrapper:187 - Using TestExecutionListeners: [org.springframework.test.context.web.ServletTestExecutionListener@3427b02d, org.springframework.test.context.support.DirtiesContextBeforeModesTestExecutionListener@647e447, org.springframework.test.context.support.DependencyInjectionTestExecutionListener@41fbdac4, org.springframework.test.context.support.DirtiesContextTestExecutionListener@3c407114, org.springframework.test.context.transaction.TransactionalTestExecutionListener@35ef1869, org.springframework.test.context.jdbc.SqlScriptsTestExecutionListener@c33b74f] 
2016-08-30 21:05:54.182  INFO main XmlBeanDefinitionReader:317 - Loading XML bean definitions from class path resource [application-config.xml] 
2016-08-30 21:05:54.675  INFO main GenericApplicationContext:581 - Refreshing org.springframework.context.support.GenericApplicationContext@37afeb11: startup date [Tue Aug 30 21:05:54 CST 2016]; root of context hierarchy 
2016-08-30 21:05:54.912  INFO main PropertySourcesPlaceholderConfigurer:172 - Loading properties file from class path resource [redis.properties] 
2016-08-30 21:05:55.138  INFO main EmbeddedDatabaseFactory:185 - Starting embedded database: url='jdbc:h2:mem:dataSource;DB_CLOSE_DELAY=-1;DB_CLOSE_ON_EXIT=false', username='sa' 
2016-08-30 21:05:55.452  INFO main ScriptUtils:444 - Executing SQL script from class path resource [database/hongyan-learn.sql] 
2016-08-30 21:05:55.590  INFO main ScriptUtils:510 - Executed SQL script from class path resource [database/hongyan-learn.sql] in 138 ms. 
2016-08-30 21:05:56.100  INFO main RequestMappingHandlerAdapter:534 - Looking for @ControllerAdvice: org.springframework.context.support.GenericApplicationContext@37afeb11: startup date [Tue Aug 30 21:05:54 CST 2016]; root of context hierarchy 
2016-08-30 21:05:56.783  INFO Thread-3 GenericApplicationContext:982 - Closing org.springframework.context.support.GenericApplicationContext@37afeb11: startup date [Tue Aug 30 21:05:54 CST 2016]; root of context hierarchy 
2016-08-30 21:05:56.789  INFO Thread-3 EmbeddedDatabaseFactory:217 - Shutting down embedded database: url='jdbc:h2:mem:dataSource;DB_CLOSE_DELAY=-1;DB_CLOSE_ON_EXIT=false' 
